TN:
SF:D:\Users\essence\Development\- GitHub\TypeScript.NET\test.js
FNF:0
FNH:0
DA:1,1
LF:1
LH:1
BRF:0
BRH:0
end_of_record
TN:
SF:D:\Users\essence\Development\- GitHub\TypeScript.NET\source\System\Collections\Array\Compare.js
FN:5,(anonymous_1)
FN:12,(anonymous_2)
FN:16,validateSize
FN:28,areAllEqual
FN:42,areEqual
FN:54,sort
FN:70,areEquivalent
FNF:7
FNH:7
FNDA:1,(anonymous_1)
FNDA:1,(anonymous_2)
FNDA:33,validateSize
FNDA:8,areAllEqual
FNDA:25,areEqual
FNDA:14,sort
FNDA:8,areEquivalent
DA:5,1
DA:6,1
DA:7,1
DA:9,0
DA:10,0
DA:14,1
DA:15,1
DA:16,1
DA:17,33
DA:18,8
DA:19,25
DA:20,3
DA:21,22
DA:22,22
DA:23,1
DA:24,21
DA:25,3
DA:26,18
DA:28,1
DA:29,8
DA:30,8
DA:31,1
DA:32,7
DA:33,2
DA:34,5
DA:35,5
DA:36,12
DA:37,3
DA:39,2
DA:41,1
DA:42,1
DA:43,25
DA:44,25
DA:45,25
DA:46,14
DA:47,11
DA:48,47
DA:49,3
DA:51,8
DA:53,1
DA:54,1
DA:55,14
DA:56,4
DA:57,10
DA:58,10
DA:59,2
DA:61,8
DA:62,8
DA:64,10
DA:65,400024
DA:67,10
DA:68,10
DA:70,1
DA:71,8
DA:72,8
DA:73,8
DA:74,1
DA:75,7
DA:76,7
DA:77,7
DA:78,11
DA:79,4
DA:81,3
DA:83,1
LF:64
LH:62
BRDA:6,1,0,1
BRDA:6,1,1,0
BRDA:6,2,0,1
BRDA:6,2,1,1
BRDA:7,3,0,0
BRDA:7,3,1,1
BRDA:9,4,0,0
BRDA:9,4,1,0
BRDA:9,5,0,0
BRDA:9,5,1,0
BRDA:17,6,0,8
BRDA:17,6,1,25
BRDA:17,7,0,33
BRDA:17,7,1,32
BRDA:17,7,2,30
BRDA:17,7,3,25
BRDA:17,7,4,1
BRDA:19,8,0,3
BRDA:19,8,1,22
BRDA:19,9,0,25
BRDA:19,9,1,24
BRDA:22,10,0,1
BRDA:22,10,1,21
BRDA:24,11,0,3
BRDA:24,11,1,18
BRDA:29,12,0,7
BRDA:29,12,1,1
BRDA:30,13,0,1
BRDA:30,13,1,7
BRDA:32,14,0,2
BRDA:32,14,1,5
BRDA:36,15,0,3
BRDA:36,15,1,9
BRDA:43,16,0,11
BRDA:43,16,1,14
BRDA:45,17,0,14
BRDA:45,17,1,11
BRDA:48,18,0,3
BRDA:48,18,1,44
BRDA:55,19,0,4
BRDA:55,19,1,10
BRDA:55,20,0,14
BRDA:55,20,1,14
BRDA:58,21,0,2
BRDA:58,21,1,8
BRDA:71,22,0,7
BRDA:71,22,1,1
BRDA:73,23,0,1
BRDA:73,23,1,7
BRDA:78,24,0,4
BRDA:78,24,1,7
BRF:51
BRH:45
end_of_record
TN:
SF:D:\Users\essence\Development\- GitHub\TypeScript.NET\source\System\Compare.js
FN:5,(anonymous_1)
FN:12,(anonymous_2)
FN:17,areEqual
FN:25,compare
FN:40,areEquivalent
FNF:5
FNH:4
FNDA:1,(anonymous_1)
FNDA:1,(anonymous_2)
FNDA:739,areEqual
FNDA:113,compare
FNDA:0,areEquivalent
DA:5,1
DA:6,1
DA:7,1
DA:9,0
DA:10,0
DA:14,1
DA:15,1
DA:16,1
DA:17,1
DA:18,739
DA:19,739
DA:23,1
DA:24,1
DA:25,1
DA:26,113
DA:27,113
DA:28,27
DA:29,86
DA:30,0
DA:31,86
DA:32,0
DA:33,86
DA:34,42
DA:35,44
DA:36,44
DA:37,0
DA:39,1
DA:40,1
DA:41,0
DA:42,0
DA:43,0
DA:44,0
DA:45,0
DA:46,0
DA:47,0
DA:48,0
DA:49,0
DA:51,0
DA:52,0
DA:54,0
DA:56,0
DA:57,0
DA:58,0
DA:59,0
DA:60,0
DA:61,0
DA:62,0
DA:63,0
DA:64,0
DA:65,0
DA:67,0
DA:68,0
DA:69,0
DA:70,0
DA:71,0
DA:74,0
DA:76,0
DA:78,1
LF:58
LH:24
BRDA:6,1,0,1
BRDA:6,1,1,0
BRDA:6,2,0,1
BRDA:6,2,1,1
BRDA:7,3,0,0
BRDA:7,3,1,1
BRDA:9,4,0,0
BRDA:9,4,1,0
BRDA:9,5,0,0
BRDA:9,5,1,0
BRDA:18,6,0,622
BRDA:18,6,1,117
BRDA:19,7,0,739
BRDA:19,7,1,554
BRDA:19,7,2,0
BRDA:19,7,3,554
BRDA:19,7,4,26
BRDA:26,8,0,113
BRDA:26,8,1,0
BRDA:27,9,0,27
BRDA:27,9,1,86
BRDA:29,10,0,0
BRDA:29,10,1,86
BRDA:29,11,0,86
BRDA:29,11,1,86
BRDA:31,12,0,0
BRDA:31,12,1,86
BRDA:31,13,0,86
BRDA:31,13,1,86
BRDA:33,14,0,42
BRDA:33,14,1,44
BRDA:33,15,0,86
BRDA:33,15,1,44
BRDA:33,15,2,44
BRDA:33,15,3,0
BRDA:33,15,4,44
BRDA:33,15,5,0
BRDA:35,16,0,44
BRDA:35,16,1,0
BRDA:35,17,0,44
BRDA:35,17,1,0
BRDA:35,17,2,0
BRDA:35,17,3,0
BRDA:35,17,4,0
BRDA:35,17,5,0
BRDA:41,18,0,0
BRDA:41,18,1,0
BRDA:42,19,0,0
BRDA:42,19,1,0
BRDA:43,20,0,0
BRDA:43,20,1,0
BRDA:45,21,0,0
BRDA:45,21,1,0
BRDA:45,22,0,0
BRDA:45,22,1,0
BRDA:45,22,2,0
BRDA:45,22,3,0
BRDA:46,23,0,0
BRDA:46,23,1,0
BRDA:48,24,0,0
BRDA:48,24,1,0
BRDA:51,25,0,0
BRDA:51,25,1,0
BRDA:54,26,0,0
BRDA:54,26,1,0
BRDA:54,26,2,0
BRDA:54,26,3,0
BRDA:56,27,0,0
BRDA:56,27,1,0
BRDA:56,28,0,0
BRDA:56,28,1,0
BRDA:58,29,0,0
BRDA:58,29,1,0
BRDA:64,30,0,0
BRDA:64,30,1,0
BRDA:64,31,0,0
BRDA:64,31,1,0
BRDA:67,32,0,0
BRDA:67,32,1,0
BRDA:70,33,0,0
BRDA:70,33,1,0
BRF:81
BRH:27
end_of_record
TN:
SF:D:\Users\essence\Development\- GitHub\TypeScript.NET\source\System\Types.js
FN:5,(anonymous_1)
FN:12,(anonymous_2)
FN:14,(anonymous_3)
FN:16,(anonymous_4)
FN:17,TypeInfo
FN:69,(anonymous_6)
FN:75,(anonymous_7)
FN:91,(anonymous_8)
FN:98,isBoolean
FN:102,isNumber
FN:108,isTrueNaN
FN:112,isString
FN:116,isPrimitive
FN:130,isFunction
FN:134,isObject
FN:139,numberOrNaN
FN:143,of
FN:147,hasMember
FN:151,hasMemberOfType
FN:155,isArrayLike
FNF:20
FNH:19
FNDA:1,(anonymous_1)
FNDA:1,(anonymous_2)
FNDA:0,(anonymous_3)
FNDA:1,(anonymous_4)
FNDA:6649,TypeInfo
FNDA:5208,(anonymous_6)
FNDA:10412,(anonymous_7)
FNDA:1,(anonymous_8)
FNDA:1283,isBoolean
FNDA:57,isNumber
FNDA:621,isTrueNaN
FNDA:435,isString
FNDA:6078,isPrimitive
FNDA:1084,isFunction
FNDA:258,isObject
FNDA:164,numberOrNaN
FNDA:5204,of
FNDA:5834,hasMember
FNDA:5550,hasMemberOfType
FNDA:295,isArrayLike
DA:5,1
DA:6,1
DA:7,1
DA:9,0
DA:10,0
DA:14,1
DA:15,1
DA:16,1
DA:17,1
DA:18,6649
DA:19,6649
DA:20,6649
DA:21,6649
DA:22,6649
DA:23,6649
DA:24,6649
DA:25,6649
DA:26,6649
DA:27,6649
DA:28,6649
DA:30,0
DA:31,0
DA:32,0
DA:34,1
DA:35,1
DA:36,1
DA:37,1
DA:38,1
DA:39,1
DA:41,1
DA:42,1
DA:43,1
DA:45,5207
DA:46,5207
DA:47,0
DA:48,0
DA:49,0
DA:52,5207
DA:54,5207
DA:56,1439
DA:57,1439
DA:58,1439
DA:60,1
DA:61,1
DA:62,1
DA:63,1
DA:65,0
DA:67,6649
DA:69,1
DA:70,5208
DA:71,5208
DA:75,1
DA:76,10412
DA:77,10412
DA:80,6643
DA:82,3769
DA:83,3769
DA:84,2
DA:85,3769
DA:87,1
DA:89,1
DA:90,1
DA:91,1
DA:92,1
DA:93,1
DA:94,1
DA:95,1
DA:96,1
DA:97,1
DA:98,1
DA:99,1283
DA:101,1
DA:102,1
DA:103,57
DA:104,13
DA:105,57
DA:107,1
DA:108,1
DA:109,621
DA:111,1
DA:112,1
DA:113,435
DA:115,1
DA:116,1
DA:117,6078
DA:118,6078
DA:123,2785
DA:125,3290
DA:127,3
DA:129,1
DA:130,1
DA:131,1084
DA:133,1
DA:134,1
DA:135,258
DA:136,258
DA:138,1
DA:139,1
DA:140,164
DA:142,1
DA:143,1
DA:144,5204
DA:146,1
DA:147,1
DA:148,5834
DA:150,1
DA:151,1
DA:152,5550
DA:154,1
DA:155,1
DA:156,295
DA:160,1
DA:162,1
DA:163,1
DA:164,1
LF:115
LH:106
BRDA:6,1,0,1
BRDA:6,1,1,0
BRDA:6,2,0,1
BRDA:6,2,1,1
BRDA:7,3,0,0
BRDA:7,3,1,1
BRDA:9,4,0,0
BRDA:9,4,1,0
BRDA:9,5,0,0
BRDA:9,5,1,0
BRDA:28,6,0,0
BRDA:28,6,1,1
BRDA:28,6,2,1
BRDA:28,6,3,5207
BRDA:28,6,4,1439
BRDA:28,6,5,1
BRDA:28,6,6,0
BRDA:46,7,0,0
BRDA:46,7,1,5207
BRDA:71,8,0,1441
BRDA:71,8,1,3767
BRDA:71,9,0,5208
BRDA:71,9,1,5207
BRDA:77,10,0,5204
BRDA:77,10,1,6643
BRDA:83,11,0,2
BRDA:83,11,1,3767
BRDA:103,12,0,13
BRDA:103,12,1,44
BRDA:105,13,0,57
BRDA:105,13,1,5
BRDA:105,13,2,1
BRDA:109,14,0,621
BRDA:109,14,1,373
BRDA:118,15,0,51
BRDA:118,15,1,368
BRDA:118,15,2,2785
BRDA:118,15,3,2785
BRDA:118,15,4,3290
BRDA:135,16,0,258
BRDA:135,16,1,0
BRDA:136,17,0,258
BRDA:136,17,1,90
BRDA:136,17,2,90
BRDA:140,18,0,4
BRDA:140,18,1,160
BRDA:148,19,0,5834
BRDA:148,19,1,5801
BRDA:148,19,2,3289
BRDA:152,20,0,5550
BRDA:152,20,1,3132
BRDA:156,21,0,295
BRDA:156,21,1,147
BRDA:156,21,2,112
BRDA:156,21,3,111
BRDA:161,22,0,1
BRDA:161,22,1,1
BRF:57
BRH:47
end_of_record
TN:
SF:D:\Users\essence\Development\- GitHub\TypeScript.NET\source\System\Collections\Array\Dispatch.js
FN:5,(anonymous_1)
FN:12,(anonymous_2)
FN:17,unsafe
FN:36,mapped
FN:60,dispatch
FNF:5
FNH:5
FNDA:1,(anonymous_1)
FNDA:1,(anonymous_2)
FNDA:5,unsafe
FNDA:6,mapped
FNDA:4,dispatch
DA:5,1
DA:6,1
DA:7,1
DA:9,0
DA:10,0
DA:14,1
DA:15,1
DA:16,1
DA:17,1
DA:18,5
DA:19,4
DA:20,6
DA:21,6
DA:22,1
DA:23,5
DA:24,5
DA:27,3
DA:28,1
DA:29,2
DA:30,1
DA:35,1
DA:36,1
DA:37,6
DA:38,1
DA:39,5
DA:40,5
DA:41,4
DA:42,6
DA:43,6
DA:44,6
DA:49,3
DA:50,3
DA:51,1
DA:52,2
DA:53,1
DA:57,4
DA:59,1
DA:60,1
DA:61,4
DA:63,1
DA:64,1
DA:65,1
LF:42
LH:40
BRDA:6,1,0,1
BRDA:6,1,1,0
BRDA:6,2,0,1
BRDA:6,2,1,1
BRDA:7,3,0,0
BRDA:7,3,1,1
BRDA:9,4,0,0
BRDA:9,4,1,0
BRDA:9,5,0,0
BRDA:9,5,1,0
BRDA:18,6,0,4
BRDA:18,6,1,1
BRDA:18,7,0,5
BRDA:18,7,1,4
BRDA:21,8,0,1
BRDA:21,8,1,5
BRDA:27,9,0,1
BRDA:27,9,1,2
BRDA:29,10,0,1
BRDA:29,10,1,1
BRDA:37,11,0,1
BRDA:37,11,1,5
BRDA:40,12,0,4
BRDA:40,12,1,1
BRDA:44,13,0,5
BRDA:44,13,1,1
BRDA:50,14,0,1
BRDA:50,14,1,2
BRDA:52,15,0,1
BRDA:52,15,1,1
BRF:30
BRH:24
end_of_record
TN:
SF:D:\Users\essence\Development\- GitHub\TypeScript.NET\source\System\Collections\Array\Utility.js
FN:5,(anonymous_1)
FN:12,(anonymous_2)
FN:20,initialize
FN:32,copy
FN:41,copyTo
FN:71,indexOf
FN:85,contains
FN:90,replace
FN:109,updateRange
FN:124,clear
FN:129,register
FN:140,findIndex
FN:161,forEach
FN:170,applyTo
FN:178,removeIndex
FN:190,remove
FN:222,repeat
FN:233,range
FN:249,rangeUntil
FN:256,distinct
FN:258,(anonymous_21)
FN:261,flatten
FNF:22
FNH:20
FNDA:1,(anonymous_1)
FNDA:1,(anonymous_2)
FNDA:96,initialize
FNDA:13,copy
FNDA:48,copyTo
FNDA:49,indexOf
FNDA:48,contains
FNDA:5,replace
FNDA:46,updateRange
FNDA:43,clear
FNDA:3,register
FNDA:5,findIndex
FNDA:2,forEach
FNDA:2,applyTo
FNDA:4,removeIndex
FNDA:42,remove
FNDA:8,repeat
FNDA:7,range
FNDA:6,rangeUntil
FNDA:0,distinct
FNDA:0,(anonymous_21)
FNDA:6,flatten
DA:5,1
DA:6,1
DA:7,1
DA:9,0
DA:10,0
DA:14,1
DA:15,1
DA:16,1
DA:17,1
DA:18,1
DA:19,1
DA:20,1
DA:21,96
DA:22,96
DA:23,96
DA:24,1
DA:26,95
DA:27,95
DA:29,96
DA:31,1
DA:32,1
DA:33,13
DA:34,13
DA:35,13
DA:36,1
DA:37,12
DA:39,1
DA:40,1
DA:41,1
DA:42,48
DA:43,48
DA:44,48
DA:45,48
DA:46,1
DA:47,47
DA:48,1
DA:49,46
DA:50,1
DA:51,45
DA:52,45
DA:53,1
DA:54,44
DA:55,1
DA:56,43
DA:57,1
DA:58,42
DA:59,42
DA:60,1
DA:61,41
DA:62,41
DA:63,41
DA:64,9
DA:65,41
DA:66,150
DA:68,41
DA:70,1
DA:71,1
DA:72,49
DA:73,49
DA:74,49
DA:75,41
DA:76,40
DA:77,1
DA:78,8
DA:79,1
DA:82,8
DA:84,1
DA:85,1
DA:86,48
DA:87,48
DA:89,1
DA:90,1
DA:91,5
DA:92,2
DA:93,3
DA:94,1
DA:95,2
DA:96,1
DA:97,2
DA:98,2
DA:99,9
DA:100,3
DA:101,3
DA:102,3
DA:103,1
DA:106,2
DA:108,1
DA:109,1
DA:110,46
DA:111,46
DA:112,1
DA:113,45
DA:114,45
DA:115,14
DA:116,45
DA:117,45
DA:118,1
DA:119,44
DA:120,75
DA:123,1
DA:124,1
DA:125,43
DA:126,43
DA:128,1
DA:129,1
DA:130,3
DA:131,3
DA:132,1
DA:133,2
DA:134,2
DA:135,2
DA:136,1
DA:137,2
DA:139,1
DA:140,1
DA:141,5
DA:142,1
DA:143,4
DA:144,1
DA:145,3
DA:146,3
DA:147,2
DA:148,10
DA:149,1
DA:153,1
DA:154,2
DA:155,1
DA:158,1
DA:160,1
DA:161,1
DA:162,2
DA:163,1
DA:164,2
DA:165,1
DA:169,1
DA:170,1
DA:171,2
DA:172,1
DA:173,3
DA:177,1
DA:178,1
DA:179,4
DA:180,1
DA:181,3
DA:182,3
DA:183,1
DA:184,2
DA:185,2
DA:186,1
DA:187,2
DA:189,1
DA:190,1
DA:191,42
DA:192,42
DA:193,2
DA:194,40
DA:195,1
DA:196,39
DA:197,39
DA:198,37
DA:199,161
DA:200,41
DA:201,41
DA:206,2
DA:207,2
DA:208,18
DA:209,3
DA:210,3
DA:211,3
DA:212,1
DA:215,2
DA:216,3
DA:219,39
DA:221,1
DA:222,1
DA:223,8
DA:224,8
DA:225,1
DA:226,7
DA:227,7
DA:228,18
DA:230,7
DA:232,1
DA:233,1
DA:234,7
DA:235,7
DA:236,2
DA:237,5
DA:238,2
DA:239,3
DA:240,1
DA:241,2
DA:242,2
DA:243,1003
DA:244,1003
DA:246,2
DA:248,1
DA:249,1
DA:250,6
DA:251,6
DA:252,1
DA:253,5
DA:255,1
DA:256,1
DA:257,0
DA:258,0
DA:260,1
DA:261,1
DA:262,6
DA:263,6
DA:264,6
DA:265,27
DA:266,27
DA:267,6
DA:268,4
DA:269,6
DA:270,44
DA:273,21
DA:275,6
DA:277,1
LF:220
LH:216
BRDA:6,1,0,1
BRDA:6,1,1,0
BRDA:6,2,0,1
BRDA:6,2,1,1
BRDA:7,3,0,0
BRDA:7,3,1,1
BRDA:9,4,0,0
BRDA:9,4,1,0
BRDA:9,5,0,0
BRDA:9,5,1,0
BRDA:23,6,0,1
BRDA:23,6,1,95
BRDA:33,7,0,11
BRDA:33,7,1,2
BRDA:34,8,0,12
BRDA:34,8,1,1
BRDA:35,9,0,1
BRDA:35,9,1,12
BRDA:42,10,0,3
BRDA:42,10,1,45
BRDA:43,11,0,11
BRDA:43,11,1,37
BRDA:44,12,0,17
BRDA:44,12,1,31
BRDA:45,13,0,1
BRDA:45,13,1,47
BRDA:47,14,0,1
BRDA:47,14,1,46
BRDA:49,15,0,1
BRDA:49,15,1,45
BRDA:52,16,0,1
BRDA:52,16,1,44
BRDA:54,17,0,1
BRDA:54,17,1,43
BRDA:56,18,0,1
BRDA:56,18,1,42
BRDA:59,19,0,1
BRDA:59,19,1,41
BRDA:59,20,0,42
BRDA:59,20,1,20
BRDA:63,21,0,9
BRDA:63,21,1,32
BRDA:72,22,0,1
BRDA:72,22,1,48
BRDA:73,23,0,49
BRDA:73,23,1,49
BRDA:74,24,0,41
BRDA:74,24,1,8
BRDA:75,25,0,40
BRDA:75,25,1,1
BRDA:75,26,0,41
BRDA:75,26,1,41
BRDA:78,27,0,1
BRDA:78,27,1,7
BRDA:86,28,0,7
BRDA:86,28,1,41
BRDA:91,29,0,2
BRDA:91,29,1,3
BRDA:91,30,0,5
BRDA:91,30,1,4
BRDA:91,30,2,3
BRDA:93,31,0,1
BRDA:93,31,1,2
BRDA:95,32,0,1
BRDA:95,32,1,1
BRDA:99,33,0,3
BRDA:99,33,1,6
BRDA:102,34,0,1
BRDA:102,34,1,2
BRDA:110,35,0,2
BRDA:110,35,1,44
BRDA:111,36,0,1
BRDA:111,36,1,45
BRDA:114,37,0,14
BRDA:114,37,1,31
BRDA:114,38,0,45
BRDA:114,38,1,20
BRDA:117,39,0,1
BRDA:117,39,1,44
BRDA:125,40,0,1
BRDA:125,40,1,42
BRDA:130,41,0,2
BRDA:130,41,1,1
BRDA:131,42,0,1
BRDA:131,42,1,2
BRDA:134,43,0,2
BRDA:134,43,1,2
BRDA:135,44,0,1
BRDA:135,44,1,1
BRDA:141,45,0,1
BRDA:141,45,1,4
BRDA:143,46,0,1
BRDA:143,46,1,3
BRDA:146,47,0,2
BRDA:146,47,1,1
BRDA:148,48,0,1
BRDA:148,48,1,9
BRDA:154,49,0,1
BRDA:154,49,1,1
BRDA:154,50,0,2
BRDA:154,50,1,2
BRDA:162,51,0,1
BRDA:162,51,1,1
BRDA:162,52,0,2
BRDA:162,52,1,1
BRDA:164,53,0,1
BRDA:164,53,1,1
BRDA:171,54,0,1
BRDA:171,54,1,1
BRDA:171,55,0,2
BRDA:171,55,1,1
BRDA:179,56,0,1
BRDA:179,56,1,3
BRDA:182,57,0,1
BRDA:182,57,1,2
BRDA:185,58,0,1
BRDA:185,58,1,1
BRDA:191,59,0,24
BRDA:191,59,1,18
BRDA:192,60,0,2
BRDA:192,60,1,40
BRDA:192,61,0,42
BRDA:192,61,1,42
BRDA:192,61,2,40
BRDA:194,62,0,1
BRDA:194,62,1,39
BRDA:197,63,0,37
BRDA:197,63,1,2
BRDA:197,64,0,39
BRDA:197,64,1,18
BRDA:199,65,0,41
BRDA:199,65,1,120
BRDA:208,66,0,3
BRDA:208,66,1,15
BRDA:211,67,0,1
BRDA:211,67,1,2
BRDA:224,68,0,1
BRDA:224,68,1,7
BRDA:234,69,0,2
BRDA:234,69,1,5
BRDA:235,70,0,2
BRDA:235,70,1,5
BRDA:235,71,0,7
BRDA:235,71,1,6
BRDA:237,72,0,2
BRDA:237,72,1,3
BRDA:237,73,0,5
BRDA:237,73,1,4
BRDA:239,74,0,1
BRDA:239,74,1,2
BRDA:250,75,0,4
BRDA:250,75,1,2
BRDA:251,76,0,1
BRDA:251,76,1,5
BRDA:258,77,0,0
BRDA:258,77,1,0
BRDA:262,78,0,1
BRDA:262,78,1,5
BRDA:266,79,0,6
BRDA:266,79,1,21
BRDA:267,80,0,4
BRDA:267,80,1,2
BRF:162
BRH:154
end_of_record
TN:
SF:D:\Users\essence\Development\- GitHub\TypeScript.NET\source\System\Integer.js
FN:5,(anonymous_1)
FN:12,(anonymous_2)
FN:16,Integer
FN:21,(anonymous_4)
FN:23,r
FN:26,random
FN:32,(anonymous_7)
FN:33,next
FN:42,nextInRange
FN:53,select
FN:60,(anonymous_11)
FN:61,one
FN:67,as32Bit
FN:73,is
FN:77,is32Bit
FN:81,assert
FN:88,assertZeroOrGreater
FN:95,assertPositive
FNF:18
FNH:13
FNDA:1,(anonymous_1)
FNDA:1,(anonymous_2)
FNDA:1,Integer
FNDA:1,(anonymous_4)
FNDA:11,r
FNDA:11,random
FNDA:1,(anonymous_7)
FNDA:0,next
FNDA:0,nextInRange
FNDA:0,select
FNDA:1,(anonymous_11)
FNDA:0,one
FNDA:2,as32Bit
FNDA:508,is
FNDA:13,is32Bit
FNDA:493,assert
FNDA:118,assertZeroOrGreater
FNDA:0,assertPositive
DA:5,1
DA:6,1
DA:7,1
DA:9,0
DA:10,0
DA:14,1
DA:15,1
DA:16,1
DA:17,1
DA:19,1
DA:20,1
DA:21,1
DA:22,1
DA:23,1
DA:24,11
DA:26,1
DA:27,11
DA:28,11
DA:30,1
DA:31,1
DA:32,1
DA:33,1
DA:34,0
DA:35,0
DA:36,0
DA:37,0
DA:38,0
DA:39,0
DA:41,1
DA:42,1
DA:43,0
DA:44,0
DA:45,0
DA:46,0
DA:47,0
DA:48,0
DA:49,0
DA:50,0
DA:52,1
DA:53,1
DA:54,0
DA:58,1
DA:59,1
DA:60,1
DA:61,1
DA:62,0
DA:64,1
DA:67,1
DA:68,2
DA:69,2
DA:71,1
DA:72,1
DA:73,1
DA:74,508
DA:76,1
DA:77,1
DA:78,13
DA:80,1
DA:81,1
DA:82,493
DA:83,493
DA:84,3
DA:85,490
DA:87,1
DA:88,1
DA:89,118
DA:90,116
DA:91,3
DA:92,113
DA:94,1
DA:95,1
DA:96,0
DA:97,0
DA:98,0
DA:99,0
DA:101,1
DA:103,1
DA:104,1
LF:78
LH:56
BRDA:6,1,0,1
BRDA:6,1,1,0
BRDA:6,2,0,1
BRDA:6,2,1,1
BRDA:7,3,0,0
BRDA:7,3,1,1
BRDA:9,4,0,0
BRDA:9,4,1,0
BRDA:9,5,0,0
BRDA:9,5,1,0
BRDA:35,6,0,0
BRDA:35,6,1,0
BRDA:37,7,0,0
BRDA:37,7,1,0
BRDA:46,8,0,0
BRDA:46,8,1,0
BRDA:48,9,0,0
BRDA:48,9,1,0
BRDA:54,10,0,0
BRDA:54,10,1,0
BRDA:54,11,0,0
BRDA:54,11,1,0
BRDA:65,12,0,1
BRDA:65,12,1,0
BRDA:66,13,0,1
BRDA:66,13,1,0
BRDA:69,14,0,1
BRDA:69,14,1,1
BRDA:69,15,0,2
BRDA:69,15,1,2
BRDA:74,16,0,508
BRDA:74,16,1,506
BRDA:74,16,2,501
BRDA:83,17,0,3
BRDA:83,17,1,490
BRDA:84,18,0,3
BRDA:84,18,1,1
BRDA:89,19,0,118
BRDA:89,19,1,116
BRDA:90,20,0,3
BRDA:90,20,1,113
BRDA:91,21,0,3
BRDA:91,21,1,0
BRDA:96,22,0,0
BRDA:96,22,1,0
BRDA:97,23,0,0
BRDA:97,23,1,0
BRDA:98,24,0,0
BRDA:98,24,1,0
BRDA:102,25,0,1
BRDA:102,25,1,0
BRF:51
BRH:23
end_of_record
TN:
SF:D:\Users\essence\Development\- GitHub\TypeScript.NET\source\System\Exceptions\ArgumentException.js
FN:6,(anonymous_1)
FN:8,__
FN:11,(anonymous_3)
FN:18,(anonymous_4)
FN:23,(anonymous_5)
FN:25,ArgumentException
FN:29,(anonymous_7)
FN:35,(anonymous_8)
FNF:8
FNH:8
FNDA:1,(anonymous_1)
FNDA:1,__
FNDA:1,(anonymous_3)
FNDA:1,(anonymous_4)
FNDA:1,(anonymous_5)
FNDA:45,ArgumentException
FNDA:45,(anonymous_7)
FNDA:16,(anonymous_8)
DA:6,1
DA:7,1
DA:8,1
DA:9,1
DA:11,1
DA:12,1
DA:13,1
DA:15,0
DA:16,0
DA:20,1
DA:21,1
DA:22,1
DA:23,1
DA:24,1
DA:25,1
DA:26,45
DA:27,45
DA:28,45
DA:29,45
DA:30,45
DA:31,45
DA:32,22
DA:35,1
DA:36,16
DA:38,1
DA:40,1
DA:41,1
DA:42,1
LF:28
LH:26
BRDA:6,1,0,1
BRDA:6,1,1,1
BRDA:6,1,2,1
BRDA:7,2,0,0
BRDA:7,2,1,0
BRDA:9,3,0,0
BRDA:9,3,1,1
BRDA:12,4,0,1
BRDA:12,4,1,0
BRDA:12,5,0,1
BRDA:12,5,1,1
BRDA:13,6,0,0
BRDA:13,6,1,1
BRDA:15,7,0,0
BRDA:15,7,1,0
BRDA:15,8,0,0
BRDA:15,8,1,0
BRDA:26,9,0,0
BRDA:26,9,1,45
BRDA:27,10,0,16
BRDA:27,10,1,29
BRDA:28,11,0,45
BRDA:28,11,1,0
BRDA:29,12,0,45
BRDA:29,12,1,2
BRDA:31,13,0,22
BRDA:31,13,1,23
BRF:27
BRH:16
end_of_record
TN:
SF:D:\Users\essence\Development\- GitHub\TypeScript.NET\source\System\Exceptions\SystemException.js
FN:6,(anonymous_1)
FN:8,__
FN:11,(anonymous_3)
FN:18,(anonymous_4)
FN:22,(anonymous_5)
FN:24,SystemException
FN:27,(anonymous_7)
FNF:7
FNH:6
FNDA:1,(anonymous_1)
FNDA:1,__
FNDA:1,(anonymous_3)
FNDA:1,(anonymous_4)
FNDA:1,(anonymous_5)
FNDA:57,SystemException
FNDA:0,(anonymous_7)
DA:6,1
DA:7,1
DA:8,1
DA:9,1
DA:11,1
DA:12,1
DA:13,1
DA:15,0
DA:16,0
DA:20,1
DA:21,1
DA:22,1
DA:23,1
DA:24,1
DA:25,57
DA:27,1
DA:28,0
DA:30,1
DA:32,1
DA:33,1
DA:34,1
LF:21
LH:18
BRDA:6,1,0,1
BRDA:6,1,1,1
BRDA:6,1,2,1
BRDA:7,2,0,0
BRDA:7,2,1,0
BRDA:9,3,0,0
BRDA:9,3,1,1
BRDA:12,4,0,1
BRDA:12,4,1,0
BRDA:12,5,0,1
BRDA:12,5,1,1
BRDA:13,6,0,0
BRDA:13,6,1,1
BRDA:15,7,0,0
BRDA:15,7,1,0
BRDA:15,8,0,0
BRDA:15,8,1,0
BRF:17
BRH:8
end_of_record
TN:
SF:D:\Users\essence\Development\- GitHub\TypeScript.NET\source\System\Exception.js
FN:6,(anonymous_1)
FN:13,(anonymous_2)
FN:16,(anonymous_3)
FN:17,Exception
FN:36,(anonymous_5)
FN:37,(anonymous_6)
FN:40,(anonymous_7)
FN:44,(anonymous_8)
FNF:8
FNH:5
FNDA:1,(anonymous_1)
FNDA:1,(anonymous_2)
FNDA:1,(anonymous_3)
FNDA:57,Exception
FNDA:0,(anonymous_5)
FNDA:0,(anonymous_6)
FNDA:57,(anonymous_7)
FNDA:0,(anonymous_8)
DA:6,1
DA:7,1
DA:8,1
DA:10,0
DA:11,0
DA:15,1
DA:16,1
DA:17,1
DA:18,57
DA:19,57
DA:20,57
DA:21,57
DA:22,57
DA:23,57
DA:24,57
DA:25,0
DA:26,57
DA:27,51
DA:28,57
DA:29,57
DA:30,57
DA:31,57
DA:34,57
DA:36,1
DA:37,1
DA:38,0
DA:40,1
DA:41,57
DA:42,57
DA:44,1
DA:45,0
DA:46,0
DA:47,0
DA:48,0
DA:51,1
DA:53,1
DA:54,1
DA:55,1
LF:38
LH:30
BRDA:7,1,0,1
BRDA:7,1,1,0
BRDA:7,2,0,1
BRDA:7,2,1,1
BRDA:8,3,0,0
BRDA:8,3,1,1
BRDA:10,4,0,0
BRDA:10,4,1,0
BRDA:10,5,0,0
BRDA:10,5,1,0
BRDA:18,6,0,0
BRDA:18,6,1,57
BRDA:19,7,0,6
BRDA:19,7,1,51
BRDA:24,8,0,0
BRDA:24,8,1,57
BRDA:26,9,0,51
BRDA:26,9,1,6
BRDA:30,10,0,57
BRDA:30,10,1,57
BRDA:30,10,2,0
BRDA:42,11,0,51
BRDA:42,11,1,6
BRDA:47,12,0,0
BRDA:47,12,1,0
BRF:25
BRH:14
end_of_record
TN:
SF:D:\Users\essence\Development\- GitHub\TypeScript.NET\source\System\Text\Utility.js
FN:5,(anonymous_1)
FN:12,(anonymous_2)
FN:16,getHashCode
FN:28,repeat
FN:38,fromChars
FN:53,escapeRegExp
FN:57,trim
FN:69,format
FN:77,supplant
FN:79,(anonymous_10)
FN:100,canMatch
FN:108,startsWith
FN:113,endsWith
FNF:13
FNH:7
FNDA:1,(anonymous_1)
FNDA:1,(anonymous_2)
FNDA:0,getHashCode
FNDA:0,repeat
FNDA:0,fromChars
FNDA:2,escapeRegExp
FNDA:87,trim
FNDA:1,format
FNDA:2,supplant
FNDA:6,(anonymous_10)
FNDA:0,canMatch
FNDA:0,startsWith
FNDA:0,endsWith
DA:5,1
DA:6,1
DA:7,1
DA:9,0
DA:10,0
DA:14,1
DA:15,1
DA:16,1
DA:17,0
DA:18,0
DA:19,0
DA:20,0
DA:21,0
DA:22,0
DA:23,0
DA:25,0
DA:27,1
DA:28,1
DA:29,0
DA:30,0
DA:31,0
DA:32,0
DA:35,0
DA:37,1
DA:38,1
DA:39,0
DA:40,0
DA:41,0
DA:42,0
DA:43,0
DA:44,0
DA:46,0
DA:49,0
DA:52,1
DA:53,1
DA:54,2
DA:56,1
DA:57,1
DA:58,87
DA:59,1
DA:60,86
DA:61,2
DA:62,2
DA:66,84
DA:68,1
DA:69,1
DA:70,1
DA:71,1
DA:72,2
DA:74,1
DA:76,1
DA:77,1
DA:78,2
DA:79,2
DA:80,6
DA:81,6
DA:82,2
DA:83,2
DA:84,1
DA:86,6
DA:87,6
DA:91,4
DA:93,2
DA:99,1
DA:100,1
DA:101,0
DA:102,0
DA:103,0
DA:104,0
DA:105,0
DA:106,0
DA:108,1
DA:109,0
DA:110,0
DA:112,1
DA:113,1
DA:114,0
DA:115,0
DA:117,1
LF:79
LH:46
BRDA:6,1,0,1
BRDA:6,1,1,0
BRDA:6,2,0,1
BRDA:6,2,1,1
BRDA:7,3,0,0
BRDA:7,3,1,1
BRDA:9,4,0,0
BRDA:9,4,1,0
BRDA:9,5,0,0
BRDA:9,5,1,0
BRDA:18,6,0,0
BRDA:18,6,1,0
BRDA:30,7,0,0
BRDA:30,7,1,0
BRDA:39,8,0,0
BRDA:39,8,1,0
BRDA:40,9,0,0
BRDA:40,9,1,0
BRDA:58,10,0,1
BRDA:58,10,1,86
BRDA:60,11,0,2
BRDA:60,11,1,84
BRDA:61,12,0,1
BRDA:61,12,1,1
BRDA:62,13,0,1
BRDA:62,13,1,1
BRDA:81,14,0,2
BRDA:81,14,1,4
BRDA:83,15,0,1
BRDA:83,15,1,1
BRDA:87,16,0,3
BRDA:87,16,1,4
BRDA:87,16,2,4
BRDA:87,16,3,2
BRDA:93,17,0,1
BRDA:93,17,1,1
BRDA:93,18,0,2
BRDA:93,18,1,1
BRDA:101,19,0,0
BRDA:101,19,1,0
BRDA:101,20,0,0
BRDA:101,20,1,0
BRDA:103,21,0,0
BRDA:103,21,1,0
BRDA:105,22,0,0
BRDA:105,22,1,0
BRDA:110,23,0,0
BRDA:110,23,1,0
BRDA:115,24,0,0
BRDA:115,24,1,0
BRF:50
BRH:24
end_of_record
TN:
SF:D:\Users\essence\Development\- GitHub\TypeScript.NET\source\System\Exceptions\ArgumentOutOfRangeException.js
FN:6,(anonymous_1)
FN:8,__
FN:11,(anonymous_3)
FN:18,(anonymous_4)
FN:22,(anonymous_5)
FN:24,ArgumentOutOfRangeException
FN:27,(anonymous_7)
FN:31,(anonymous_8)
FNF:8
FNH:8
FNDA:1,(anonymous_1)
FNDA:1,__
FNDA:1,(anonymous_3)
FNDA:1,(anonymous_4)
FNDA:1,(anonymous_5)
FNDA:22,ArgumentOutOfRangeException
FNDA:22,(anonymous_7)
FNDA:22,(anonymous_8)
DA:6,1
DA:7,1
DA:8,1
DA:9,1
DA:11,1
DA:12,1
DA:13,1
DA:15,0
DA:16,0
DA:20,1
DA:21,1
DA:22,1
DA:23,1
DA:24,1
DA:25,22
DA:26,22
DA:27,22
DA:28,22
DA:31,1
DA:32,22
DA:34,1
DA:36,1
DA:37,1
DA:38,1
LF:24
LH:22
BRDA:6,1,0,1
BRDA:6,1,1,1
BRDA:6,1,2,1
BRDA:7,2,0,0
BRDA:7,2,1,0
BRDA:9,3,0,0
BRDA:9,3,1,1
BRDA:12,4,0,1
BRDA:12,4,1,0
BRDA:12,5,0,1
BRDA:12,5,1,1
BRDA:13,6,0,0
BRDA:13,6,1,1
BRDA:15,7,0,0
BRDA:15,7,1,0
BRDA:15,8,0,0
BRDA:15,8,1,0
BRDA:25,9,0,0
BRDA:25,9,1,22
BRDA:26,10,0,22
BRDA:26,10,1,0
BRF:21
BRH:10
end_of_record
TN:
SF:D:\Users\essence\Development\- GitHub\TypeScript.NET\source\System\Exceptions\ArgumentNullException.js
FN:6,(anonymous_1)
FN:8,__
FN:11,(anonymous_3)
FN:18,(anonymous_4)
FN:22,(anonymous_5)
FN:24,ArgumentNullException
FN:29,(anonymous_7)
FNF:7
FNH:7
FNDA:1,(anonymous_1)
FNDA:1,__
FNDA:1,(anonymous_3)
FNDA:1,(anonymous_4)
FNDA:1,(anonymous_5)
FNDA:7,ArgumentNullException
FNDA:7,(anonymous_7)
DA:6,1
DA:7,1
DA:8,1
DA:9,1
DA:11,1
DA:12,1
DA:13,1
DA:15,0
DA:16,0
DA:20,1
DA:21,1
DA:22,1
DA:23,1
DA:24,1
DA:25,7
DA:26,7
DA:27,7
DA:29,1
DA:30,7
DA:32,1
DA:34,1
DA:35,1
DA:36,1
LF:23
LH:21
BRDA:6,1,0,1
BRDA:6,1,1,1
BRDA:6,1,2,1
BRDA:7,2,0,0
BRDA:7,2,1,0
BRDA:9,3,0,0
BRDA:9,3,1,1
BRDA:12,4,0,1
BRDA:12,4,1,0
BRDA:12,5,0,1
BRDA:12,5,1,1
BRDA:13,6,0,0
BRDA:13,6,1,1
BRDA:15,7,0,0
BRDA:15,7,1,0
BRDA:15,8,0,0
BRDA:15,8,1,0
BRDA:25,9,0,2
BRDA:25,9,1,5
BRDA:26,10,0,7
BRDA:26,10,1,0
BRF:21
BRH:11
end_of_record
TN:
SF:D:\Users\essence\Development\- GitHub\TypeScript.NET\source\System\Collections\Array\Procedure.js
FN:5,(anonymous_1)
FN:12,(anonymous_2)
FN:14,sum
FN:20,(anonymous_4)
FN:25,(anonymous_5)
FN:32,average
FN:39,(anonymous_7)
FN:48,(anonymous_8)
FN:56,product
FN:63,(anonymous_10)
FN:74,(anonymous_11)
FN:86,quotient
FN:92,(anonymous_13)
FN:117,ifSet
FN:123,(anonymous_15)
FN:135,(anonymous_16)
FN:147,min
FN:149,(anonymous_18)
FN:152,max
FN:154,(anonymous_20)
FNF:20
FNH:20
FNDA:1,(anonymous_1)
FNDA:1,(anonymous_2)
FNDA:4,sum
FNDA:7,(anonymous_4)
FNDA:18,(anonymous_5)
FNDA:4,average
FNDA:7,(anonymous_7)
FNDA:18,(anonymous_8)
FNDA:5,product
FNDA:8,(anonymous_10)
FNDA:18,(anonymous_11)
FNDA:8,quotient
FNDA:31,(anonymous_13)
FNDA:12,ifSet
FNDA:34,(anonymous_15)
FNDA:22,(anonymous_16)
FNDA:6,min
FNDA:23,(anonymous_18)
FNDA:6,max
FNDA:23,(anonymous_20)
DA:5,1
DA:6,1
DA:7,1
DA:9,0
DA:10,0
DA:14,1
DA:15,4
DA:16,4
DA:17,1
DA:18,3
DA:19,3
DA:20,1
DA:21,7
DA:22,6
DA:25,2
DA:26,18
DA:27,18
DA:29,3
DA:31,1
DA:32,1
DA:33,4
DA:34,4
DA:35,1
DA:36,3
DA:37,3
DA:38,1
DA:39,1
DA:40,7
DA:41,6
DA:42,6
DA:47,2
DA:48,2
DA:49,18
DA:50,18
DA:53,3
DA:55,1
DA:56,1
DA:57,5
DA:58,5
DA:59,1
DA:60,4
DA:61,4
DA:62,2
DA:63,2
DA:64,8
DA:65,6
DA:66,6
DA:67,1
DA:70,2
DA:71,1
DA:74,2
DA:75,18
DA:76,1
DA:77,1
DA:79,17
DA:80,17
DA:83,4
DA:85,1
DA:86,1
DA:87,8
DA:88,8
DA:89,3
DA:90,5
DA:91,5
DA:92,5
DA:93,31
DA:94,26
DA:95,1
DA:96,1
DA:98,25
DA:99,3
DA:100,2
DA:101,2
DA:105,22
DA:106,22
DA:107,4
DA:110,28
DA:112,5
DA:113,1
DA:114,5
DA:116,1
DA:117,1
DA:118,12
DA:119,2
DA:120,10
DA:121,10
DA:122,6
DA:123,6
DA:124,34
DA:125,28
DA:126,11
DA:127,28
DA:128,4
DA:131,6
DA:132,2
DA:135,4
DA:136,22
DA:137,4
DA:138,4
DA:140,18
DA:141,9
DA:142,18
DA:145,10
DA:147,1
DA:148,6
DA:149,23
DA:151,1
DA:152,1
DA:153,6
DA:154,23
DA:156,1
LF:111
LH:109
BRDA:6,1,0,1
BRDA:6,1,1,0
BRDA:6,2,0,1
BRDA:6,2,1,1
BRDA:7,3,0,0
BRDA:7,3,1,1
BRDA:9,4,0,0
BRDA:9,4,1,0
BRDA:9,5,0,0
BRDA:9,5,1,0
BRDA:15,6,0,3
BRDA:15,6,1,1
BRDA:16,7,0,1
BRDA:16,7,1,3
BRDA:16,8,0,4
BRDA:16,8,1,4
BRDA:19,9,0,1
BRDA:19,9,1,2
BRDA:21,10,0,6
BRDA:21,10,1,1
BRDA:33,11,0,3
BRDA:33,11,1,1
BRDA:34,12,0,1
BRDA:34,12,1,3
BRDA:34,13,0,4
BRDA:34,13,1,4
BRDA:37,14,0,1
BRDA:37,14,1,2
BRDA:40,15,0,6
BRDA:40,15,1,1
BRDA:53,16,0,1
BRDA:53,16,1,2
BRDA:53,17,0,3
BRDA:53,17,1,3
BRDA:57,18,0,3
BRDA:57,18,1,2
BRDA:58,19,0,1
BRDA:58,19,1,4
BRDA:58,20,0,5
BRDA:58,20,1,5
BRDA:61,21,0,2
BRDA:61,21,1,2
BRDA:64,22,0,6
BRDA:64,22,1,2
BRDA:66,23,0,1
BRDA:66,23,1,5
BRDA:70,24,0,1
BRDA:70,24,1,1
BRDA:75,25,0,1
BRDA:75,25,1,17
BRDA:87,26,0,6
BRDA:87,26,1,2
BRDA:88,27,0,3
BRDA:88,27,1,5
BRDA:88,28,0,8
BRDA:88,28,1,8
BRDA:93,29,0,26
BRDA:93,29,1,5
BRDA:94,30,0,1
BRDA:94,30,1,25
BRDA:98,31,0,3
BRDA:98,31,1,22
BRDA:99,32,0,2
BRDA:99,32,1,1
BRDA:106,33,0,4
BRDA:106,33,1,18
BRDA:112,34,0,1
BRDA:112,34,1,4
BRDA:118,35,0,2
BRDA:118,35,1,10
BRDA:118,36,0,12
BRDA:118,36,1,10
BRDA:121,37,0,6
BRDA:121,37,1,4
BRDA:124,38,0,28
BRDA:124,38,1,6
BRDA:125,39,0,11
BRDA:125,39,1,17
BRDA:127,40,0,4
BRDA:127,40,1,24
BRDA:131,41,0,2
BRDA:131,41,1,4
BRDA:136,42,0,4
BRDA:136,42,1,18
BRDA:140,43,0,9
BRDA:140,43,1,9
BRDA:148,44,0,3
BRDA:148,44,1,3
BRDA:153,45,0,3
BRDA:153,45,1,3
BRF:90
BRH:84
end_of_record
TN:
SF:D:\Users\essence\Development\- GitHub\TypeScript.NET\source\System\Diagnostics\Stopwatch.js
FN:5,(anonymous_1)
FN:12,(anonymous_2)
FN:15,getTimestampMilliseconds
FN:18,(anonymous_4)
FN:19,Stopwatch
FN:22,(anonymous_6)
FN:26,(anonymous_7)
FN:32,(anonymous_8)
FN:37,(anonymous_9)
FN:42,(anonymous_10)
FN:49,(anonymous_11)
FN:56,(anonymous_12)
FN:62,(anonymous_13)
FN:76,(anonymous_14)
FN:85,(anonymous_15)
FN:94,(anonymous_16)
FN:105,(anonymous_17)
FNF:17
FNH:17
FNDA:1,(anonymous_1)
FNDA:1,(anonymous_2)
FNDA:17,getTimestampMilliseconds
FNDA:1,(anonymous_4)
FNDA:6,Stopwatch
FNDA:1,(anonymous_6)
FNDA:4,(anonymous_7)
FNDA:5,(anonymous_8)
FNDA:1,(anonymous_9)
FNDA:7,(anonymous_10)
FNDA:6,(anonymous_11)
FNDA:7,(anonymous_12)
FNDA:2,(anonymous_13)
FNDA:8,(anonymous_14)
FNDA:2,(anonymous_15)
FNDA:2,(anonymous_16)
FNDA:1,(anonymous_17)
DA:5,1
DA:6,1
DA:7,1
DA:9,0
DA:10,0
DA:14,1
DA:15,1
DA:16,17
DA:18,1
DA:19,1
DA:20,6
DA:22,1
DA:23,1
DA:25,1
DA:27,4
DA:32,1
DA:33,5
DA:34,5
DA:35,5
DA:37,1
DA:38,1
DA:39,1
DA:40,1
DA:42,1
DA:43,7
DA:44,7
DA:45,6
DA:46,6
DA:49,1
DA:50,6
DA:51,6
DA:52,5
DA:53,5
DA:56,1
DA:57,7
DA:58,7
DA:59,7
DA:60,7
DA:62,1
DA:63,2
DA:64,2
DA:65,1
DA:66,1
DA:67,1
DA:68,1
DA:69,1
DA:70,1
DA:73,1
DA:75,1
DA:77,8
DA:84,1
DA:86,2
DA:93,1
DA:95,2
DA:96,2
DA:97,2
DA:98,1
DA:99,2
DA:104,1
DA:106,1
DA:111,1
DA:113,1
DA:114,1
LF:63
LH:61
BRDA:6,1,0,1
BRDA:6,1,1,0
BRDA:6,2,0,1
BRDA:6,2,1,1
BRDA:7,3,0,0
BRDA:7,3,1,1
BRDA:9,4,0,0
BRDA:9,4,1,0
BRDA:9,5,0,0
BRDA:9,5,1,0
BRDA:44,6,0,6
BRDA:44,6,1,1
BRDA:51,7,0,5
BRDA:51,7,1,1
BRDA:64,8,0,1
BRDA:64,8,1,1
BRDA:77,9,0,7
BRDA:77,9,1,1
BRDA:86,10,0,1
BRDA:86,10,1,1
BRDA:97,11,0,1
BRDA:97,11,1,1
BRF:22
BRH:16
end_of_record
TN:
SF:D:\Users\essence\Development\- GitHub\TypeScript.NET\source\System\Time\TimeSpan.js
FN:6,(anonymous_1)
FN:8,__
FN:11,(anonymous_3)
FN:18,(anonymous_4)
FN:24,(anonymous_5)
FN:26,TimeSpan
FN:39,(anonymous_7)
FN:46,(anonymous_8)
FN:55,(anonymous_9)
FN:61,(anonymous_10)
FN:65,(anonymous_11)
FN:68,(anonymous_12)
FN:71,(anonymous_13)
FN:74,(anonymous_14)
FN:77,(anonymous_15)
FN:80,(anonymous_16)
FN:83,(anonymous_17)
FN:87,(anonymous_18)
FNF:18
FNH:7
FNDA:1,(anonymous_1)
FNDA:1,__
FNDA:1,(anonymous_3)
FNDA:1,(anonymous_4)
FNDA:1,(anonymous_5)
FNDA:5,TimeSpan
FNDA:0,(anonymous_7)
FNDA:0,(anonymous_8)
FNDA:0,(anonymous_9)
FNDA:0,(anonymous_10)
FNDA:0,(anonymous_11)
FNDA:0,(anonymous_12)
FNDA:0,(anonymous_13)
FNDA:0,(anonymous_14)
FNDA:0,(anonymous_15)
FNDA:0,(anonymous_16)
FNDA:0,(anonymous_17)
FNDA:2,(anonymous_18)
DA:6,1
DA:7,1
DA:8,1
DA:9,1
DA:11,1
DA:12,1
DA:13,1
DA:15,0
DA:16,0
DA:20,1
DA:21,1
DA:22,1
DA:23,1
DA:24,1
DA:25,1
DA:26,1
DA:27,5
DA:28,5
DA:29,5
DA:30,5
DA:31,5
DA:32,5
DA:33,5
DA:34,5
DA:35,5
DA:36,5
DA:38,1
DA:40,0
DA:45,1
DA:47,0
DA:48,0
DA:49,0
DA:50,0
DA:55,1
DA:56,0
DA:57,0
DA:59,0
DA:61,1
DA:62,0
DA:63,0
DA:65,1
DA:66,0
DA:68,1
DA:69,0
DA:71,1
DA:72,0
DA:74,1
DA:75,0
DA:77,1
DA:78,0
DA:80,1
DA:81,0
DA:83,1
DA:84,0
DA:86,1
DA:88,2
DA:93,1
DA:95,1
DA:96,1
DA:97,1
DA:98,1
LF:61
LH:42
BRDA:6,1,0,1
BRDA:6,1,1,1
BRDA:6,1,2,1
BRDA:7,2,0,0
BRDA:7,2,1,0
BRDA:9,3,0,0
BRDA:9,3,1,1
BRDA:12,4,0,1
BRDA:12,4,1,0
BRDA:12,5,0,1
BRDA:12,5,1,1
BRDA:13,6,0,0
BRDA:13,6,1,1
BRDA:15,7,0,0
BRDA:15,7,1,0
BRDA:15,8,0,0
BRDA:15,8,1,0
BRDA:27,9,0,5
BRDA:27,9,1,0
BRDA:48,10,0,0
BRDA:48,10,1,0
BRDA:56,11,0,0
BRDA:56,11,1,0
BRDA:62,12,0,0
BRDA:62,12,1,0
BRDA:88,13,0,2
BRDA:88,13,1,1
BRF:27
BRH:11
end_of_record
TN:
SF:D:\Users\essence\Development\- GitHub\TypeScript.NET\source\System\Time\TimeUnit.js
FN:6,(anonymous_1)
FN:13,(anonymous_2)
FN:15,(anonymous_3)
FN:25,(anonymous_4)
FN:26,toMilliseconds
FN:46,fromMilliseconds
FN:65,from
FN:69,assertValid
FNF:8
FNH:5
FNDA:1,(anonymous_1)
FNDA:1,(anonymous_2)
FNDA:1,(anonymous_3)
FNDA:1,(anonymous_4)
FNDA:5,toMilliseconds
FNDA:0,fromMilliseconds
FNDA:0,from
FNDA:0,assertValid
DA:6,1
DA:7,1
DA:8,1
DA:10,0
DA:11,0
DA:15,1
DA:16,1
DA:17,1
DA:18,1
DA:19,1
DA:20,1
DA:21,1
DA:23,1
DA:24,1
DA:25,1
DA:26,1
DA:27,5
DA:28,5
DA:30,0
DA:32,0
DA:34,0
DA:36,0
DA:38,5
DA:40,0
DA:42,0
DA:45,1
DA:46,1
DA:47,0
DA:49,0
DA:51,0
DA:53,0
DA:55,0
DA:57,0
DA:59,0
DA:61,0
DA:64,1
DA:65,1
DA:66,0
DA:68,1
DA:69,1
DA:70,0
DA:71,0
DA:72,0
DA:74,1
DA:76,1
DA:77,1
DA:78,1
LF:47
LH:27
BRDA:7,1,0,1
BRDA:7,1,1,0
BRDA:7,2,0,1
BRDA:7,2,1,1
BRDA:8,3,0,0
BRDA:8,3,1,1
BRDA:10,4,0,0
BRDA:10,4,1,0
BRDA:10,5,0,0
BRDA:10,5,1,0
BRDA:22,6,0,1
BRDA:22,6,1,1
BRDA:27,7,0,0
BRDA:27,7,1,5
BRDA:28,8,0,0
BRDA:28,8,1,0
BRDA:28,8,2,0
BRDA:28,8,3,0
BRDA:28,8,4,5
BRDA:28,8,5,0
BRDA:28,8,6,0
BRDA:47,9,0,0
BRDA:47,9,1,0
BRDA:47,9,2,0
BRDA:47,9,3,0
BRDA:47,9,4,0
BRDA:47,9,5,0
BRDA:47,9,6,0
BRDA:66,10,0,0
BRDA:66,10,1,0
BRDA:70,11,0,0
BRDA:70,11,1,0
BRDA:70,12,0,0
BRDA:70,12,1,0
BRDA:70,12,2,0
BRDA:70,12,3,0
BRDA:75,13,0,1
BRDA:75,13,1,0
BRF:38
BRH:9
end_of_record
TN:
SF:D:\Users\essence\Development\- GitHub\TypeScript.NET\source\System\Time\ClockTime.js
FN:6,(anonymous_1)
FN:8,__
FN:11,(anonymous_3)
FN:18,(anonymous_4)
FN:21,(anonymous_5)
FN:23,ClockTime
FN:46,(anonymous_7)
FN:51,(anonymous_8)
FN:63,(anonymous_9)
FN:80,pluralize
FNF:10
FNH:7
FNDA:1,(anonymous_1)
FNDA:1,__
FNDA:1,(anonymous_3)
FNDA:1,(anonymous_4)
FNDA:1,(anonymous_5)
FNDA:2,ClockTime
FNDA:0,(anonymous_7)
FNDA:1,(anonymous_8)
FNDA:0,(anonymous_9)
FNDA:0,pluralize
DA:6,1
DA:7,1
DA:8,1
DA:9,1
DA:11,1
DA:12,1
DA:13,1
DA:15,0
DA:16,0
DA:20,1
DA:21,1
DA:22,1
DA:23,1
DA:24,2
DA:25,2
DA:26,5
DA:28,2
DA:31,2
DA:32,2
DA:33,2
DA:34,2
DA:35,2
DA:36,2
DA:37,2
DA:38,2
DA:39,2
DA:40,2
DA:41,2
DA:42,2
DA:43,2
DA:44,2
DA:46,1
DA:47,0
DA:48,0
DA:49,0
DA:51,1
DA:52,1
DA:53,1
DA:54,1
DA:55,1
DA:56,1
DA:57,1
DA:58,1
DA:59,1
DA:60,1
DA:61,1
DA:63,1
DA:64,0
DA:65,0
DA:66,0
DA:67,0
DA:68,0
DA:69,0
DA:70,0
DA:71,0
DA:72,0
DA:73,0
DA:74,0
DA:75,0
DA:77,1
DA:79,1
DA:80,1
DA:81,0
DA:82,0
DA:83,0
DA:85,1
DA:86,1
LF:67
LH:47
BRDA:6,1,0,1
BRDA:6,1,1,1
BRDA:6,1,2,1
BRDA:7,2,0,0
BRDA:7,2,1,0
BRDA:9,3,0,0
BRDA:9,3,1,1
BRDA:12,4,0,1
BRDA:12,4,1,0
BRDA:12,5,0,1
BRDA:12,5,1,1
BRDA:13,6,0,0
BRDA:13,6,1,1
BRDA:15,7,0,0
BRDA:15,7,1,0
BRDA:15,8,0,0
BRDA:15,8,1,0
BRDA:28,9,0,1
BRDA:28,9,1,1
BRDA:29,10,0,1
BRDA:29,10,1,0
BRDA:29,11,0,1
BRDA:29,11,1,0
BRDA:29,12,0,1
BRDA:29,12,1,1
BRDA:29,12,2,0
BRDA:29,13,0,1
BRDA:29,13,1,1
BRDA:29,13,2,0
BRDA:30,14,0,1
BRDA:30,14,1,1
BRDA:30,14,2,0
BRDA:47,15,0,0
BRDA:47,15,1,0
BRDA:48,16,0,0
BRDA:48,16,1,0
BRDA:52,17,0,0
BRDA:52,17,1,1
BRDA:53,18,0,0
BRDA:53,18,1,1
BRDA:65,19,0,0
BRDA:65,19,1,0
BRDA:67,20,0,0
BRDA:67,20,1,0
BRDA:69,21,0,0
BRDA:69,21,1,0
BRDA:71,22,0,0
BRDA:71,22,1,0
BRDA:73,23,0,0
BRDA:73,23,1,0
BRDA:81,24,0,0
BRDA:81,24,1,0
BRF:52
BRH:20
end_of_record
TN:
SF:D:\Users\essence\Development\- GitHub\TypeScript.NET\source\System\Time\TimeQuantity.js
FN:5,(anonymous_1)
FN:12,(anonymous_2)
FN:16,(anonymous_3)
FN:17,TimeQuantity
FN:21,(anonymous_5)
FN:25,(anonymous_6)
FN:31,(anonymous_7)
FN:34,(anonymous_8)
FN:38,(anonymous_9)
FN:56,(anonymous_10)
FNF:10
FNH:5
FNDA:1,(anonymous_1)
FNDA:1,(anonymous_2)
FNDA:1,(anonymous_3)
FNDA:7,TimeQuantity
FNDA:2,(anonymous_5)
FNDA:0,(anonymous_6)
FNDA:0,(anonymous_7)
FNDA:0,(anonymous_8)
FNDA:0,(anonymous_9)
FNDA:0,(anonymous_10)
DA:5,1
DA:6,1
DA:7,1
DA:9,0
DA:10,0
DA:14,1
DA:15,1
DA:16,1
DA:17,1
DA:18,7
DA:19,7
DA:21,1
DA:22,2
DA:24,1
DA:26,0
DA:31,1
DA:32,0
DA:34,1
DA:35,0
DA:37,1
DA:39,0
DA:40,0
DA:41,0
DA:42,0
DA:51,0
DA:56,1
DA:57,0
DA:59,1
DA:61,1
DA:62,1
DA:63,1
LF:31
LH:20
BRDA:6,1,0,1
BRDA:6,1,1,0
BRDA:6,2,0,1
BRDA:6,2,1,1
BRDA:7,3,0,0
BRDA:7,3,1,1
BRDA:9,4,0,0
BRDA:9,4,1,0
BRDA:9,5,0,0
BRDA:9,5,1,0
BRDA:18,6,0,0
BRDA:18,6,1,7
BRDA:32,7,0,0
BRDA:32,7,1,0
BRDA:32,7,2,0
BRDA:35,8,0,0
BRDA:35,8,1,0
BRDA:35,8,2,0
BRDA:40,9,0,0
BRDA:40,9,1,0
BRF:20
BRH:5
end_of_record
TN:
SF:D:\Users\essence\Development\- GitHub\TypeScript.NET\source\System\Collections\Enumeration\ArrayEnumerator.js
FN:5,(anonymous_1)
FN:7,__
FN:10,(anonymous_3)
FN:17,(anonymous_4)
FN:21,(anonymous_5)
FN:23,ArrayEnumerator
FN:26,(anonymous_7)
FNF:7
FNH:7
FNDA:1,(anonymous_1)
FNDA:1,__
FNDA:1,(anonymous_3)
FNDA:1,(anonymous_4)
FNDA:1,(anonymous_5)
FNDA:276,ArrayEnumerator
FNDA:274,(anonymous_7)
DA:5,1
DA:6,1
DA:7,1
DA:8,1
DA:10,1
DA:11,1
DA:12,1
DA:14,0
DA:15,0
DA:19,1
DA:20,1
DA:21,1
DA:22,1
DA:23,1
DA:24,276
DA:25,276
DA:26,276
DA:27,274
DA:28,274
DA:36,1
DA:38,1
DA:39,1
DA:40,1
LF:23
LH:21
BRDA:5,1,0,1
BRDA:5,1,1,1
BRDA:5,1,2,1
BRDA:6,2,0,0
BRDA:6,2,1,0
BRDA:8,3,0,0
BRDA:8,3,1,1
BRDA:11,4,0,1
BRDA:11,4,1,0
BRDA:11,5,0,1
BRDA:11,5,1,1
BRDA:12,6,0,0
BRDA:12,6,1,1
BRDA:14,7,0,0
BRDA:14,7,1,0
BRDA:14,8,0,0
BRDA:14,8,1,0
BRDA:24,9,0,265
BRDA:24,9,1,11
BRDA:25,10,0,271
BRDA:25,10,1,5
BRDA:27,11,0,215
BRDA:27,11,1,59
BRDA:31,12,0,273
BRDA:31,12,1,1
BRF:25
BRH:16
end_of_record
TN:
SF:D:\Users\essence\Development\- GitHub\TypeScript.NET\source\System\Collections\Enumeration\IndexEnumerator.js
FN:5,(anonymous_1)
FN:7,__
FN:10,(anonymous_3)
FN:17,(anonymous_4)
FN:20,(anonymous_5)
FN:22,IndexEnumerator
FN:24,(anonymous_7)
FN:47,(anonymous_8)
FN:56,(anonymous_9)
FNF:9
FNH:9
FNDA:1,(anonymous_1)
FNDA:1,__
FNDA:1,(anonymous_3)
FNDA:1,(anonymous_4)
FNDA:1,(anonymous_5)
FNDA:311,IndexEnumerator
FNDA:308,(anonymous_7)
FNDA:1402,(anonymous_8)
FNDA:310,(anonymous_9)
DA:5,1
DA:6,1
DA:7,1
DA:8,1
DA:10,1
DA:11,1
DA:12,1
DA:14,0
DA:15,0
DA:19,1
DA:20,1
DA:21,1
DA:22,1
DA:23,311
DA:24,311
DA:25,308
DA:26,308
DA:27,306
DA:28,306
DA:29,1
DA:30,305
DA:31,0
DA:32,305
DA:33,1
DA:34,304
DA:35,304
DA:36,291
DA:37,13
DA:38,1
DA:39,303
DA:40,303
DA:41,303
DA:42,1
DA:43,302
DA:44,1
DA:45,302
DA:48,1402
DA:49,1402
DA:50,25
DA:51,1377
DA:52,1377
DA:53,1377
DA:57,310
DA:58,307
DA:61,311
DA:63,1
DA:65,1
DA:66,1
DA:67,1
LF:49
LH:46
BRDA:5,1,0,1
BRDA:5,1,1,1
BRDA:5,1,2,1
BRDA:6,2,0,0
BRDA:6,2,1,0
BRDA:8,3,0,0
BRDA:8,3,1,1
BRDA:11,4,0,1
BRDA:11,4,1,0
BRDA:11,5,0,1
BRDA:11,5,1,1
BRDA:12,6,0,0
BRDA:12,6,1,1
BRDA:14,7,0,0
BRDA:14,7,1,0
BRDA:14,8,0,0
BRDA:14,8,1,0
BRDA:26,9,0,306
BRDA:26,9,1,2
BRDA:26,10,0,308
BRDA:26,10,1,308
BRDA:28,11,0,1
BRDA:28,11,1,305
BRDA:30,12,0,0
BRDA:30,12,1,305
BRDA:32,13,0,1
BRDA:32,13,1,304
BRDA:32,14,0,305
BRDA:32,14,1,282
BRDA:35,15,0,291
BRDA:35,15,1,13
BRDA:37,16,0,1
BRDA:37,16,1,12
BRDA:41,17,0,1
BRDA:41,17,1,302
BRDA:43,18,0,1
BRDA:43,18,1,301
BRDA:48,19,0,1400
BRDA:48,19,1,2
BRDA:48,20,0,1402
BRDA:48,20,1,1402
BRDA:49,21,0,25
BRDA:49,21,1,1377
BRDA:49,22,0,1402
BRDA:49,22,1,1377
BRDA:53,23,0,1148
BRDA:53,23,1,229
BRDA:53,24,0,1377
BRDA:53,24,1,1152
BRDA:57,25,0,307
BRDA:57,25,1,3
BRF:51
BRH:41
end_of_record
TN:
SF:D:\Users\essence\Development\- GitHub\TypeScript.NET\source\System\Collections\Enumeration\EnumeratorBase.js
FN:5,(anonymous_1)
FN:7,__
FN:10,(anonymous_3)
FN:17,(anonymous_4)
FN:25,yielder
FN:28,(anonymous_6)
FN:34,(anonymous_7)
FN:35,Yielder
FN:39,(anonymous_9)
FN:44,(anonymous_10)
FN:48,(anonymous_11)
FN:56,(anonymous_12)
FN:61,(anonymous_13)
FN:67,(anonymous_14)
FN:72,(anonymous_15)
FN:74,EnumeratorBase
FN:87,(anonymous_17)
FN:95,(anonymous_18)
FN:103,(anonymous_19)
FN:109,(anonymous_20)
FN:118,(anonymous_21)
FN:145,(anonymous_22)
FN:150,(anonymous_23)
FN:155,(anonymous_24)
FN:165,(anonymous_25)
FNF:25
FNH:20
FNDA:1,(anonymous_1)
FNDA:1,__
FNDA:1,(anonymous_3)
FNDA:1,(anonymous_4)
FNDA:1368,yielder
FNDA:10,(anonymous_6)
FNDA:1,(anonymous_7)
FNDA:10,Yielder
FNDA:3758,(anonymous_9)
FNDA:0,(anonymous_10)
FNDA:3324,(anonymous_11)
FNDA:1110,(anonymous_12)
FNDA:0,(anonymous_13)
FNDA:1,(anonymous_14)
FNDA:1,(anonymous_15)
FNDA:688,EnumeratorBase
FNDA:3758,(anonymous_17)
FNDA:0,(anonymous_18)
FNDA:154,(anonymous_19)
FNDA:688,(anonymous_20)
FNDA:3879,(anonymous_21)
FNDA:2,(anonymous_22)
FNDA:0,(anonymous_23)
FNDA:0,(anonymous_24)
FNDA:686,(anonymous_25)
DA:5,1
DA:6,1
DA:7,1
DA:8,1
DA:10,1
DA:11,1
DA:12,1
DA:14,0
DA:15,0
DA:19,1
DA:20,1
DA:21,1
DA:22,1
DA:23,1
DA:24,1
DA:25,1
DA:26,1368
DA:27,1
DA:28,10
DA:29,1368
DA:30,685
DA:31,683
DA:32,683
DA:34,1
DA:35,1
DA:36,10
DA:38,1
DA:39,3758
DA:43,1
DA:44,0
DA:48,1
DA:49,3324
DA:50,3324
DA:51,647
DA:53,2677
DA:54,3324
DA:56,1
DA:57,1110
DA:58,1110
DA:59,1110
DA:61,1
DA:62,0
DA:64,1
DA:66,1
DA:67,1
DA:68,1
DA:69,1
DA:70,1
DA:72,1
DA:73,1
DA:74,1
DA:75,688
DA:76,688
DA:77,688
DA:78,688
DA:79,688
DA:80,126
DA:81,562
DA:82,25
DA:83,688
DA:84,576
DA:86,1
DA:88,3758
DA:89,3758
DA:94,1
DA:96,0
DA:97,0
DA:102,1
DA:104,154
DA:109,1
DA:110,688
DA:111,688
DA:112,688
DA:113,688
DA:114,688
DA:115,688
DA:116,0
DA:118,1
DA:119,3879
DA:120,3879
DA:121,3879
DA:123,685
DA:124,685
DA:125,685
DA:126,685
DA:127,685
DA:129,3872
DA:130,3324
DA:133,545
DA:134,545
DA:137,3
DA:141,7
DA:142,7
DA:145,1
DA:146,2
DA:150,1
DA:151,0
DA:155,1
DA:156,0
DA:157,0
DA:162,0
DA:165,1
DA:166,686
DA:167,686
DA:168,686
DA:169,686
DA:170,686
DA:171,686
DA:172,686
DA:173,683
DA:174,686
DA:175,574
DA:177,1
DA:179,1
DA:180,1
DA:181,1
LF:116
LH:105
BRDA:5,1,0,1
BRDA:5,1,1,1
BRDA:5,1,2,1
BRDA:6,2,0,0
BRDA:6,2,1,0
BRDA:8,3,0,0
BRDA:8,3,1,1
BRDA:11,4,0,1
BRDA:11,4,1,0
BRDA:11,5,0,1
BRDA:11,5,1,1
BRDA:12,6,0,0
BRDA:12,6,1,1
BRDA:14,7,0,0
BRDA:14,7,1,0
BRDA:14,8,0,0
BRDA:14,8,1,0
BRDA:26,9,0,1
BRDA:26,9,1,1367
BRDA:29,10,0,685
BRDA:29,10,1,683
BRDA:50,11,0,647
BRDA:50,11,1,2677
BRDA:71,12,0,1
BRDA:71,12,1,1
BRDA:79,13,0,126
BRDA:79,13,1,562
BRDA:81,14,0,25
BRDA:81,14,1,537
BRDA:83,15,0,576
BRDA:83,15,1,112
BRDA:89,16,0,3758
BRDA:89,16,1,3758
BRDA:97,17,0,0
BRDA:97,17,1,0
BRDA:115,18,0,0
BRDA:115,18,1,688
BRDA:121,19,0,685
BRDA:121,19,1,3872
BRDA:121,19,2,3
BRDA:123,20,0,685
BRDA:123,20,1,685
BRDA:126,21,0,685
BRDA:126,21,1,0
BRDA:129,22,0,3324
BRDA:129,22,1,545
BRDA:146,23,0,2
BRDA:146,23,1,0
BRDA:151,24,0,0
BRDA:151,24,1,0
BRDA:157,25,0,0
BRDA:157,25,1,0
BRDA:157,26,0,0
BRDA:157,26,1,0
BRDA:172,27,0,683
BRDA:172,27,1,3
BRDA:174,28,0,574
BRDA:174,28,1,112
BRF:58
BRH:38
end_of_record
TN:
SF:D:\Users\essence\Development\- GitHub\TypeScript.NET\source\System\Disposable\DisposableBase.js
FN:5,(anonymous_1)
FN:12,(anonymous_2)
FN:15,(anonymous_3)
FN:16,DisposableBase
FN:21,(anonymous_5)
FN:27,(anonymous_6)
FN:33,(anonymous_7)
FN:48,(anonymous_8)
FNF:8
FNH:7
FNDA:1,(anonymous_1)
FNDA:1,(anonymous_2)
FNDA:1,(anonymous_3)
FNDA:10269,DisposableBase
FNDA:0,(anonymous_5)
FNDA:48705,(anonymous_6)
FNDA:3126,(anonymous_7)
FNDA:49,(anonymous_8)
DA:5,1
DA:6,1
DA:7,1
DA:9,0
DA:10,0
DA:14,1
DA:15,1
DA:16,1
DA:17,10269
DA:18,10269
DA:20,1
DA:22,0
DA:27,1
DA:28,48705
DA:29,48705
DA:30,4
DA:31,48701
DA:33,1
DA:34,3126
DA:35,3126
DA:36,1737
DA:37,1737
DA:38,1737
DA:41,1737
DA:42,9
DA:43,9
DA:48,1
DA:49,1
DA:51,1
DA:52,1
DA:53,1
LF:31
LH:28
BRDA:6,1,0,1
BRDA:6,1,1,0
BRDA:6,2,0,1
BRDA:6,2,1,1
BRDA:7,3,0,0
BRDA:7,3,1,1
BRDA:9,4,0,0
BRDA:9,4,1,0
BRDA:9,5,0,0
BRDA:9,5,1,0
BRDA:28,6,0,48501
BRDA:28,6,1,204
BRDA:29,7,0,4
BRDA:29,7,1,48701
BRDA:35,8,0,1737
BRDA:35,8,1,1389
BRDA:41,9,0,9
BRDA:41,9,1,1728
BRF:18
BRH:12
end_of_record
TN:
SF:D:\Users\essence\Development\- GitHub\TypeScript.NET\source\System\Disposable\ObjectDisposedException.js
FN:6,(anonymous_1)
FN:8,__
FN:11,(anonymous_3)
FN:18,(anonymous_4)
FN:22,(anonymous_5)
FN:24,ObjectDisposedException
FN:27,(anonymous_7)
FN:31,(anonymous_8)
FN:34,(anonymous_9)
FN:39,(anonymous_10)
FNF:10
FNH:8
FNDA:1,(anonymous_1)
FNDA:1,__
FNDA:1,(anonymous_3)
FNDA:1,(anonymous_4)
FNDA:1,(anonymous_5)
FNDA:6,ObjectDisposedException
FNDA:6,(anonymous_7)
FNDA:6,(anonymous_8)
FNDA:0,(anonymous_9)
FNDA:0,(anonymous_10)
DA:6,1
DA:7,1
DA:8,1
DA:9,1
DA:11,1
DA:12,1
DA:13,1
DA:15,0
DA:16,0
DA:20,1
DA:21,1
DA:22,1
DA:23,1
DA:24,1
DA:25,6
DA:26,6
DA:27,6
DA:28,6
DA:31,1
DA:32,6
DA:34,1
DA:35,0
DA:36,0
DA:37,0
DA:39,1
DA:40,0
DA:41,0
DA:43,1
DA:45,1
DA:46,1
DA:47,1
LF:31
LH:24
BRDA:6,1,0,1
BRDA:6,1,1,1
BRDA:6,1,2,1
BRDA:7,2,0,0
BRDA:7,2,1,0
BRDA:9,3,0,0
BRDA:9,3,1,1
BRDA:12,4,0,1
BRDA:12,4,1,0
BRDA:12,5,0,1
BRDA:12,5,1,1
BRDA:13,6,0,0
BRDA:13,6,1,1
BRDA:15,7,0,0
BRDA:15,7,1,0
BRDA:15,8,0,0
BRDA:15,8,1,0
BRDA:25,9,0,6
BRDA:25,9,1,0
BRDA:26,10,0,6
BRDA:26,10,1,0
BRDA:36,11,0,0
BRDA:36,11,1,0
BRDA:40,12,0,0
BRDA:40,12,1,0
BRF:25
BRH:10
end_of_record
TN:
SF:D:\Users\essence\Development\- GitHub\TypeScript.NET\source\System\Exceptions\InvalidOperationException.js
FN:6,(anonymous_1)
FN:8,__
FN:11,(anonymous_3)
FN:18,(anonymous_4)
FN:22,(anonymous_5)
FN:24,InvalidOperationException
FN:27,(anonymous_7)
FNF:7
FNH:6
FNDA:1,(anonymous_1)
FNDA:1,__
FNDA:1,(anonymous_3)
FNDA:1,(anonymous_4)
FNDA:1,(anonymous_5)
FNDA:6,InvalidOperationException
FNDA:0,(anonymous_7)
DA:6,1
DA:7,1
DA:8,1
DA:9,1
DA:11,1
DA:12,1
DA:13,1
DA:15,0
DA:16,0
DA:20,1
DA:21,1
DA:22,1
DA:23,1
DA:24,1
DA:25,6
DA:27,1
DA:28,0
DA:30,1
DA:32,1
DA:33,1
DA:34,1
LF:21
LH:18
BRDA:6,1,0,1
BRDA:6,1,1,1
BRDA:6,1,2,1
BRDA:7,2,0,0
BRDA:7,2,1,0
BRDA:9,3,0,0
BRDA:9,3,1,1
BRDA:12,4,0,1
BRDA:12,4,1,0
BRDA:12,5,0,1
BRDA:12,5,1,1
BRDA:13,6,0,0
BRDA:13,6,1,1
BRDA:15,7,0,0
BRDA:15,7,1,0
BRDA:15,8,0,0
BRDA:15,8,1,0
BRF:17
BRH:8
end_of_record
TN:
SF:D:\Users\essence\Development\- GitHub\TypeScript.NET\source\System\Disposable\ObjectPool.js
FN:7,(anonymous_1)
FN:9,__
FN:12,(anonymous_3)
FN:19,(anonymous_4)
FN:26,(anonymous_5)
FN:28,ObjectPool
FN:41,(anonymous_7)
FN:42,(anonymous_8)
FN:47,(anonymous_9)
FN:54,(anonymous_10)
FN:61,(anonymous_11)
FN:67,(anonymous_12)
FN:71,(anonymous_13)
FN:79,(anonymous_14)
FN:83,(anonymous_15)
FN:92,(anonymous_16)
FN:95,(anonymous_17)
FN:106,(anonymous_18)
FN:113,(anonymous_19)
FN:127,(anonymous_20)
FNF:20
FNH:9
FNDA:1,(anonymous_1)
FNDA:1,__
FNDA:1,(anonymous_3)
FNDA:1,(anonymous_4)
FNDA:1,(anonymous_5)
FNDA:5,ObjectPool
FNDA:0,(anonymous_7)
FNDA:0,(anonymous_8)
FNDA:0,(anonymous_9)
FNDA:0,(anonymous_10)
FNDA:0,(anonymous_11)
FNDA:0,(anonymous_12)
FNDA:0,(anonymous_13)
FNDA:0,(anonymous_14)
FNDA:0,(anonymous_15)
FNDA:0,(anonymous_16)
FNDA:0,(anonymous_17)
FNDA:6889,(anonymous_18)
FNDA:5858,(anonymous_19)
FNDA:7950,(anonymous_20)
DA:7,1
DA:8,1
DA:9,1
DA:10,1
DA:12,1
DA:13,1
DA:14,1
DA:16,0
DA:17,0
DA:21,1
DA:22,1
DA:23,1
DA:24,1
DA:25,1
DA:26,1
DA:27,1
DA:28,1
DA:29,5
DA:30,5
DA:31,5
DA:32,5
DA:33,5
DA:34,0
DA:35,5
DA:36,0
DA:37,5
DA:38,5
DA:39,5
DA:40,5
DA:41,5
DA:42,5
DA:43,5
DA:44,5
DA:46,1
DA:48,0
DA:53,1
DA:55,0
DA:56,0
DA:61,1
DA:62,0
DA:63,0
DA:64,0
DA:67,1
DA:68,0
DA:69,0
DA:71,1
DA:72,0
DA:73,0
DA:74,0
DA:75,0
DA:76,0
DA:77,0
DA:79,1
DA:80,0
DA:81,0
DA:83,1
DA:84,0
DA:85,0
DA:86,0
DA:87,0
DA:88,0
DA:89,0
DA:90,0
DA:92,1
DA:93,0
DA:95,1
DA:96,0
DA:97,0
DA:98,0
DA:99,0
DA:100,0
DA:101,0
DA:102,0
DA:103,0
DA:104,0
DA:106,1
DA:107,6889
DA:108,6889
DA:109,6889
DA:110,6889
DA:111,4
DA:113,1
DA:114,5858
DA:115,5858
DA:116,5858
DA:117,4687
DA:120,1171
DA:121,1171
DA:122,1171
DA:123,285
DA:125,5858
DA:127,1
DA:128,7950
DA:129,7950
DA:130,7950
DA:131,7950
DA:132,7708
DA:133,7950
DA:134,1031
DA:135,7950
DA:137,1
DA:139,1
DA:140,1
DA:141,1
LF:104
LH:67
BRDA:7,1,0,1
BRDA:7,1,1,1
BRDA:7,1,2,1
BRDA:8,2,0,0
BRDA:8,2,1,0
BRDA:10,3,0,0
BRDA:10,3,1,1
BRDA:13,4,0,1
BRDA:13,4,1,0
BRDA:13,5,0,1
BRDA:13,5,1,1
BRDA:14,6,0,0
BRDA:14,6,1,1
BRDA:16,7,0,0
BRDA:16,7,1,0
BRDA:16,8,0,0
BRDA:16,8,1,0
BRDA:33,9,0,0
BRDA:33,9,1,5
BRDA:33,10,0,5
BRDA:33,10,1,5
BRDA:35,11,0,0
BRDA:35,11,1,5
BRDA:56,12,0,0
BRDA:56,12,1,0
BRDA:110,13,0,4
BRDA:110,13,1,6885
BRDA:110,14,0,6889
BRDA:110,14,1,6889
BRDA:116,15,0,4687
BRDA:116,15,1,1171
BRDA:122,16,0,285
BRDA:122,16,1,886
BRDA:122,17,0,1171
BRDA:122,17,1,1171
BRDA:130,18,0,7950
BRDA:130,18,1,6872
BRDA:131,19,0,7708
BRDA:131,19,1,242
BRDA:133,20,0,1031
BRDA:133,20,1,6919
BRF:41
BRH:28
end_of_record
TN:
SF:D:\Users\essence\Development\- GitHub\TypeScript.NET\source\System\Disposable\dispose.js
FN:5,(anonymous_1)
FN:12,(anonymous_2)
FN:15,dispose
FN:24,(anonymous_4)
FN:25,deferred
FN:33,withoutException
FN:41,these
FN:48,(anonymous_8)
FN:49,deferred
FN:60,using
FN:69,disposeSingle
FN:84,disposeTheseInternal
FNF:12
FNH:9
FNDA:1,(anonymous_1)
FNDA:1,(anonymous_2)
FNDA:4937,dispose
FNDA:1,(anonymous_4)
FNDA:0,deferred
FNDA:0,withoutException
FNDA:25,these
FNDA:1,(anonymous_8)
FNDA:0,deferred
FNDA:245,using
FNDA:5204,disposeSingle
FNDA:4940,disposeTheseInternal
DA:5,1
DA:6,1
DA:7,1
DA:9,0
DA:10,0
DA:14,1
DA:15,1
DA:16,4937
DA:17,4937
DA:18,4984
DA:20,4937
DA:22,1
DA:23,1
DA:24,1
DA:25,1
DA:26,0
DA:27,0
DA:28,0
DA:30,0
DA:32,1
DA:33,1
DA:34,0
DA:35,0
DA:36,0
DA:38,0
DA:40,1
DA:41,1
DA:42,25
DA:46,1
DA:47,1
DA:48,1
DA:49,1
DA:50,0
DA:51,0
DA:52,0
DA:53,0
DA:54,0
DA:57,1
DA:60,1
DA:61,245
DA:62,245
DA:65,245
DA:68,1
DA:69,1
DA:70,5204
DA:71,1438
DA:72,0
DA:73,0
DA:76,0
DA:80,1438
DA:82,5204
DA:84,1
DA:85,4940
DA:86,4940
DA:87,4940
DA:88,4940
DA:89,4991
DA:90,4991
DA:91,32
DA:92,4959
DA:93,0
DA:94,0
DA:95,0
DA:96,0
DA:97,0
DA:101,4959
DA:102,4959
DA:103,4959
DA:104,4959
DA:107,4959
DA:108,0
DA:111,4959
DA:112,0
DA:115,4940
DA:117,1
DA:118,1
LF:76
LH:51
BRDA:6,1,0,1
BRDA:6,1,1,0
BRDA:6,2,0,1
BRDA:6,2,1,1
BRDA:7,3,0,0
BRDA:7,3,1,1
BRDA:9,4,0,0
BRDA:9,4,1,0
BRDA:9,5,0,0
BRDA:9,5,1,0
BRDA:42,6,0,3
BRDA:42,6,1,22
BRDA:42,7,0,25
BRDA:42,7,1,25
BRDA:50,8,0,0
BRDA:50,8,1,0
BRDA:51,9,0,0
BRDA:51,9,1,0
BRDA:51,10,0,0
BRDA:51,10,1,0
BRDA:52,11,0,0
BRDA:52,11,1,0
BRDA:58,12,0,1
BRDA:58,12,1,0
BRDA:59,13,0,1
BRDA:59,13,1,0
BRDA:70,14,0,1438
BRDA:70,14,1,3766
BRDA:70,15,0,5204
BRDA:70,15,1,5204
BRDA:71,16,0,0
BRDA:71,16,1,1438
BRDA:85,17,0,4940
BRDA:85,17,1,0
BRDA:90,18,0,32
BRDA:90,18,1,4959
BRDA:92,19,0,0
BRDA:92,19,1,4959
BRDA:94,20,0,0
BRDA:94,20,1,0
BRDA:95,21,0,0
BRDA:95,21,1,0
BRDA:107,22,0,0
BRDA:107,22,1,4959
BRDA:107,23,0,4959
BRDA:107,23,1,0
BRDA:111,24,0,0
BRDA:111,24,1,4959
BRF:48
BRH:22
end_of_record
TN:
SF:D:\Users\essence\Development\- GitHub\TypeScript.NET\source\System\Tasks\TaskHandler.js
FN:5,(anonymous_1)
FN:7,__
FN:10,(anonymous_3)
FN:17,(anonymous_4)
FN:21,(anonymous_5)
FN:23,TaskHandler
FN:29,(anonymous_7)
FN:32,(anonymous_8)
FNF:8
FNH:7
FNDA:1,(anonymous_1)
FNDA:1,__
FNDA:1,(anonymous_3)
FNDA:1,(anonymous_4)
FNDA:1,(anonymous_5)
FNDA:17,TaskHandler
FNDA:0,(anonymous_7)
FNDA:1,(anonymous_8)
DA:5,1
DA:6,1
DA:7,1
DA:8,1
DA:10,1
DA:11,1
DA:12,1
DA:14,0
DA:15,0
DA:19,1
DA:20,1
DA:21,1
DA:22,1
DA:23,1
DA:24,17
DA:25,17
DA:26,17
DA:27,1
DA:29,1
DA:30,0
DA:32,1
DA:33,1
DA:34,1
DA:36,1
DA:38,1
DA:39,1
DA:40,1
LF:27
LH:24
BRDA:5,1,0,1
BRDA:5,1,1,1
BRDA:5,1,2,1
BRDA:6,2,0,1
BRDA:6,2,1,0
BRDA:8,3,0,0
BRDA:8,3,1,1
BRDA:11,4,0,1
BRDA:11,4,1,0
BRDA:11,5,0,1
BRDA:11,5,1,1
BRDA:12,6,0,0
BRDA:12,6,1,1
BRDA:14,7,0,0
BRDA:14,7,1,0
BRDA:14,8,0,0
BRDA:14,8,1,0
BRDA:26,9,0,1
BRDA:26,9,1,16
BRF:19
BRH:11
end_of_record
TN:
SF:D:\Users\essence\Development\- GitHub\TypeScript.NET\source\System\Tasks\TaskHandlerBase.js
FN:5,(anonymous_1)
FN:7,__
FN:10,(anonymous_3)
FN:17,(anonymous_4)
FN:20,(anonymous_5)
FN:22,TaskHandlerBase
FN:27,(anonymous_7)
FN:33,(anonymous_8)
FN:42,(anonymous_9)
FN:46,(anonymous_10)
FN:49,(anonymous_11)
FNF:11
FNH:10
FNDA:1,(anonymous_1)
FNDA:1,__
FNDA:1,(anonymous_3)
FNDA:1,(anonymous_4)
FNDA:1,(anonymous_5)
FNDA:17,TaskHandlerBase
FNDA:6889,(anonymous_7)
FNDA:289,(anonymous_8)
FNDA:0,(anonymous_9)
FNDA:1,(anonymous_10)
FNDA:7998,(anonymous_11)
DA:5,1
DA:6,1
DA:7,1
DA:8,1
DA:10,1
DA:11,1
DA:12,1
DA:14,0
DA:15,0
DA:19,1
DA:20,1
DA:21,1
DA:22,1
DA:23,17
DA:24,17
DA:26,1
DA:28,6889
DA:33,1
DA:34,289
DA:35,289
DA:36,0
DA:38,289
DA:39,289
DA:42,1
DA:43,0
DA:44,0
DA:46,1
DA:47,1
DA:49,1
DA:50,7998
DA:51,7998
DA:52,284
DA:53,284
DA:54,284
DA:56,7714
DA:58,1
DA:60,1
DA:61,1
DA:62,1
LF:39
LH:34
BRDA:5,1,0,1
BRDA:5,1,1,1
BRDA:5,1,2,1
BRDA:6,2,0,0
BRDA:6,2,1,0
BRDA:8,3,0,0
BRDA:8,3,1,1
BRDA:11,4,0,1
BRDA:11,4,1,0
BRDA:11,5,0,1
BRDA:11,5,1,1
BRDA:12,6,0,0
BRDA:12,6,1,1
BRDA:14,7,0,0
BRDA:14,7,1,0
BRDA:14,8,0,0
BRDA:14,8,1,0
BRDA:35,9,0,0
BRDA:35,9,1,289
BRDA:35,10,0,289
BRDA:35,10,1,289
BRDA:38,11,0,289
BRDA:38,11,1,0
BRDA:51,12,0,284
BRDA:51,12,1,7714
BRF:25
BRH:14
end_of_record
TN:
SF:D:\Users\essence\Development\- GitHub\TypeScript.NET\source\System\Collections\Enumeration\IteratorResult.js
FN:5,(anonymous_1)
FN:12,(anonymous_2)
FN:15,(anonymous_3)
FN:16,IteratorResult
FN:27,(anonymous_5)
FN:29,GetDone
FNF:6
FNH:6
FNDA:1,(anonymous_1)
FNDA:1,(anonymous_2)
FNDA:1,(anonymous_3)
FNDA:1,IteratorResult
FNDA:1,(anonymous_5)
FNDA:1,GetDone
DA:5,1
DA:6,1
DA:7,1
DA:9,0
DA:10,0
DA:14,1
DA:15,1
DA:16,1
DA:17,1
DA:18,1
DA:19,1
DA:20,1
DA:21,1
DA:23,1
DA:25,1
DA:26,1
DA:27,1
DA:28,1
DA:29,1
DA:30,1
DA:32,1
DA:33,1
DA:34,1
LF:23
LH:21
BRDA:6,1,0,1
BRDA:6,1,1,0
BRDA:6,2,0,1
BRDA:6,2,1,1
BRDA:7,3,0,0
BRDA:7,3,1,1
BRDA:9,4,0,0
BRDA:9,4,1,0
BRDA:9,5,0,0
BRDA:9,5,1,0
BRDA:17,6,0,0
BRDA:17,6,1,1
BRDA:31,7,0,1
BRDA:31,7,1,0
BRF:14
BRH:6
end_of_record
TN:
SF:D:\Users\essence\Development\- GitHub\TypeScript.NET\source\System\Collections\Queue.js
FN:6,(anonymous_1)
FN:8,__
FN:11,(anonymous_3)
FN:18,(anonymous_4)
FN:34,(anonymous_5)
FN:36,Queue
FN:63,(anonymous_7)
FN:66,(anonymous_8)
FN:82,(anonymous_9)
FN:86,(anonymous_10)
FN:100,(anonymous_11)
FN:108,(anonymous_12)
FN:128,(anonymous_13)
FN:131,(anonymous_14)
FN:158,(anonymous_15)
FN:161,(anonymous_16)
FN:177,(anonymous_17)
FN:188,(anonymous_18)
FN:196,(anonymous_19)
FN:201,(anonymous_20)
FN:206,(anonymous_21)
FN:212,(anonymous_22)
FN:216,(anonymous_23)
FN:219,(anonymous_24)
FN:229,assertZeroOrGreater
FN:233,assertIntegerZeroOrGreater
FNF:26
FNH:24
FNDA:1,(anonymous_1)
FNDA:1,__
FNDA:1,(anonymous_3)
FNDA:1,(anonymous_4)
FNDA:1,(anonymous_5)
FNDA:26,Queue
FNDA:236,(anonymous_7)
FNDA:132,(anonymous_8)
FNDA:3,(anonymous_9)
FNDA:27,(anonymous_10)
FNDA:21,(anonymous_11)
FNDA:3,(anonymous_12)
FNDA:21,(anonymous_13)
FNDA:42,(anonymous_14)
FNDA:61,(anonymous_15)
FNDA:83,(anonymous_16)
FNDA:83,(anonymous_17)
FNDA:0,(anonymous_18)
FNDA:156,(anonymous_19)
FNDA:0,(anonymous_20)
FNDA:74,(anonymous_21)
FNDA:33,(anonymous_22)
FNDA:33,(anonymous_23)
FNDA:189,(anonymous_24)
FNDA:198,assertZeroOrGreater
FNDA:198,assertIntegerZeroOrGreater
DA:6,1
DA:7,1
DA:8,1
DA:9,1
DA:11,1
DA:12,1
DA:13,1
DA:15,0
DA:16,0
DA:20,1
DA:21,1
DA:22,1
DA:23,1
DA:24,1
DA:25,1
DA:26,1
DA:27,1
DA:28,1
DA:29,1
DA:30,1
DA:31,1
DA:32,1
DA:33,1
DA:34,1
DA:35,1
DA:36,1
DA:37,26
DA:38,26
DA:39,26
DA:40,26
DA:41,26
DA:42,26
DA:43,26
DA:44,13
DA:46,13
DA:47,0
DA:48,0
DA:49,0
DA:54,13
DA:55,13
DA:58,13
DA:61,26
DA:63,1
DA:64,236
DA:66,1
DA:67,132
DA:68,132
DA:69,27
DA:70,27
DA:71,18
DA:72,27
DA:73,27
DA:74,27
DA:76,132
DA:77,132
DA:78,132
DA:79,132
DA:80,132
DA:82,1
DA:83,3
DA:86,1
DA:87,27
DA:88,27
DA:89,12
DA:91,15
DA:92,15
DA:94,27
DA:95,27
DA:96,27
DA:97,27
DA:98,27
DA:100,1
DA:101,21
DA:102,21
DA:103,21
DA:104,21
DA:105,21
DA:108,1
DA:109,3
DA:110,3
DA:111,3
DA:112,0
DA:113,0
DA:114,0
DA:115,0
DA:120,3
DA:121,0
DA:124,3
DA:125,3
DA:126,3
DA:128,1
DA:129,21
DA:131,1
DA:132,42
DA:133,42
DA:134,42
DA:135,0
DA:136,42
DA:137,42
DA:138,0
DA:139,0
DA:140,0
DA:142,42
DA:143,42
DA:144,9
DA:145,0
DA:148,9
DA:149,9
DA:152,42
DA:153,42
DA:154,42
DA:155,42
DA:156,42
DA:158,1
DA:159,61
DA:161,1
DA:162,83
DA:163,83
DA:164,83
DA:165,19
DA:166,0
DA:167,19
DA:169,64
DA:170,64
DA:171,64
DA:172,64
DA:173,64
DA:174,64
DA:175,64
DA:177,1
DA:178,83
DA:179,83
DA:180,83
DA:181,83
DA:182,83
DA:183,83
DA:184,44
DA:185,83
DA:186,83
DA:188,1
DA:189,0
DA:190,0
DA:191,0
DA:192,0
DA:193,0
DA:194,0
DA:196,1
DA:197,156
DA:198,156
DA:199,156
DA:201,1
DA:202,0
DA:203,0
DA:204,0
DA:206,1
DA:207,74
DA:208,74
DA:209,74
DA:210,15
DA:212,1
DA:213,33
DA:214,33
DA:215,33
DA:216,33
DA:217,33
DA:218,33
DA:220,189
DA:221,189
DA:222,33
DA:223,156
DA:226,1
DA:228,1
DA:229,1
DA:230,198
DA:231,0
DA:233,1
DA:234,198
DA:235,198
DA:237,1
DA:238,1
LF:180
LH:154
BRDA:6,1,0,1
BRDA:6,1,1,1
BRDA:6,1,2,1
BRDA:7,2,0,0
BRDA:7,2,1,0
BRDA:9,3,0,0
BRDA:9,3,1,1
BRDA:12,4,0,1
BRDA:12,4,1,0
BRDA:12,5,0,1
BRDA:12,5,1,1
BRDA:13,6,0,0
BRDA:13,6,1,1
BRDA:15,7,0,0
BRDA:15,7,1,0
BRDA:15,8,0,0
BRDA:15,8,1,0
BRDA:37,9,0,26
BRDA:37,9,1,0
BRDA:43,10,0,13
BRDA:43,10,1,13
BRDA:46,11,0,0
BRDA:46,11,1,13
BRDA:49,12,0,0
BRDA:49,12,1,0
BRDA:55,13,0,13
BRDA:55,13,1,0
BRDA:68,14,0,27
BRDA:68,14,1,105
BRDA:70,15,0,18
BRDA:70,15,1,9
BRDA:88,16,0,12
BRDA:88,16,1,15
BRDA:103,17,0,21
BRDA:103,17,1,0
BRDA:109,18,0,3
BRDA:109,18,1,0
BRDA:111,19,0,0
BRDA:111,19,1,3
BRDA:113,20,0,0
BRDA:113,20,1,0
BRDA:114,21,0,0
BRDA:114,21,1,0
BRDA:134,22,0,0
BRDA:134,22,1,42
BRDA:137,23,0,0
BRDA:137,23,1,42
BRDA:137,24,0,42
BRDA:137,24,1,30
BRDA:137,24,2,15
BRDA:143,25,0,9
BRDA:143,25,1,33
BRDA:144,26,0,0
BRDA:144,26,1,9
BRDA:155,27,0,15
BRDA:155,27,1,27
BRDA:162,28,0,0
BRDA:162,28,1,83
BRDA:164,29,0,19
BRDA:164,29,1,64
BRDA:165,30,0,0
BRDA:165,30,1,19
BRDA:178,31,0,83
BRDA:178,31,1,0
BRDA:183,32,0,44
BRDA:183,32,1,39
BRDA:183,33,0,83
BRDA:183,33,1,64
BRDA:189,34,0,0
BRDA:189,34,1,0
BRDA:192,35,0,0
BRDA:192,35,1,0
BRDA:202,36,0,0
BRDA:202,36,1,0
BRDA:209,37,0,15
BRDA:209,37,1,59
BRDA:209,38,0,74
BRDA:209,38,1,47
BRDA:209,38,2,32
BRDA:221,39,0,33
BRDA:221,39,1,156
BRDA:230,40,0,0
BRDA:230,40,1,198
BRF:83
BRH:49
end_of_record
TN:
SF:D:\Users\essence\Development\- GitHub\TypeScript.NET\source\System\Exceptions\NotImplementedException.js
FN:6,(anonymous_1)
FN:8,__
FN:11,(anonymous_3)
FN:18,(anonymous_4)
FN:22,(anonymous_5)
FN:24,NotImplementedException
FN:27,(anonymous_7)
FNF:7
FNH:7
FNDA:1,(anonymous_1)
FNDA:1,__
FNDA:1,(anonymous_3)
FNDA:1,(anonymous_4)
FNDA:1,(anonymous_5)
FNDA:3,NotImplementedException
FNDA:3,(anonymous_7)
DA:6,1
DA:7,1
DA:8,1
DA:9,1
DA:11,1
DA:12,1
DA:13,1
DA:15,0
DA:16,0
DA:20,1
DA:21,1
DA:22,1
DA:23,1
DA:24,1
DA:25,3
DA:27,1
DA:28,3
DA:30,1
DA:32,1
DA:33,1
DA:34,1
LF:21
LH:19
BRDA:6,1,0,1
BRDA:6,1,1,1
BRDA:6,1,2,1
BRDA:7,2,0,0
BRDA:7,2,1,0
BRDA:9,3,0,0
BRDA:9,3,1,1
BRDA:12,4,0,1
BRDA:12,4,1,0
BRDA:12,5,0,1
BRDA:12,5,1,1
BRDA:13,6,0,0
BRDA:13,6,1,1
BRDA:15,7,0,0
BRDA:15,7,1,0
BRDA:15,8,0,0
BRDA:15,8,1,0
BRF:17
BRH:8
end_of_record
TN:
SF:D:\Users\essence\Development\- GitHub\TypeScript.NET\source\System\Collections\CollectionBase.js
FN:5,(anonymous_1)
FN:7,__
FN:10,(anonymous_3)
FN:17,(anonymous_4)
FN:26,(anonymous_5)
FN:28,CollectionBase
FN:40,(anonymous_7)
FN:46,(anonymous_8)
FN:50,(anonymous_9)
FN:56,(anonymous_10)
FN:61,(anonymous_11)
FN:65,(anonymous_12)
FN:66,(anonymous_13)
FN:83,(anonymous_14)
FN:85,(anonymous_15)
FN:89,(anonymous_16)
FN:106,(anonymous_17)
FN:119,(anonymous_18)
FN:135,(anonymous_19)
FN:150,(anonymous_20)
FN:161,(anonymous_21)
FN:173,(anonymous_22)
FN:181,(anonymous_23)
FN:196,(anonymous_24)
FN:200,(anonymous_25)
FN:203,(anonymous_26)
FN:217,(anonymous_27)
FN:230,(anonymous_28)
FN:235,(anonymous_29)
FNF:29
FNH:25
FNDA:1,(anonymous_1)
FNDA:1,__
FNDA:1,(anonymous_3)
FNDA:1,(anonymous_4)
FNDA:1,(anonymous_5)
FNDA:88,CollectionBase
FNDA:616,(anonymous_7)
FNDA:663,(anonymous_8)
FNDA:0,(anonymous_9)
FNDA:663,(anonymous_10)
FNDA:232,(anonymous_11)
FNDA:605,(anonymous_12)
FNDA:710,(anonymous_13)
FNDA:75,(anonymous_14)
FNDA:0,(anonymous_15)
FNDA:0,(anonymous_16)
FNDA:361,(anonymous_17)
FNDA:76,(anonymous_18)
FNDA:40,(anonymous_19)
FNDA:38,(anonymous_20)
FNDA:115,(anonymous_21)
FNDA:0,(anonymous_22)
FNDA:1,(anonymous_23)
FNDA:60,(anonymous_24)
FNDA:183,(anonymous_25)
FNDA:21,(anonymous_26)
FNDA:64,(anonymous_27)
FNDA:24,(anonymous_28)
FNDA:1,(anonymous_29)
DA:5,1
DA:6,1
DA:7,1
DA:8,1
DA:10,1
DA:11,1
DA:12,1
DA:14,0
DA:15,0
DA:19,1
DA:20,1
DA:21,1
DA:22,1
DA:23,1
DA:24,1
DA:25,1
DA:26,1
DA:27,1
DA:28,1
DA:29,88
DA:30,88
DA:31,88
DA:32,88
DA:33,88
DA:34,88
DA:35,88
DA:36,88
DA:37,88
DA:39,1
DA:41,616
DA:46,1
DA:47,663
DA:49,1
DA:51,0
DA:56,1
DA:57,663
DA:58,663
DA:59,0
DA:61,1
DA:62,232
DA:63,0
DA:65,1
DA:66,1
DA:67,710
DA:68,710
DA:69,146
DA:70,710
DA:71,605
DA:72,605
DA:73,605
DA:74,605
DA:77,0
DA:79,605
DA:81,105
DA:83,75
DA:84,1
DA:85,0
DA:89,1
DA:90,0
DA:91,0
DA:92,0
DA:93,0
DA:94,0
DA:95,0
DA:96,0
DA:97,0
DA:98,0
DA:101,0
DA:103,0
DA:104,0
DA:106,1
DA:107,361
DA:108,361
DA:109,361
DA:110,361
DA:111,361
DA:112,353
DA:115,361
DA:117,361
DA:119,1
DA:120,76
DA:121,76
DA:122,76
DA:123,76
DA:124,76
DA:125,76
DA:126,76
DA:127,67
DA:130,76
DA:132,73
DA:133,73
DA:135,1
DA:136,40
DA:137,40
DA:138,40
DA:139,40
DA:140,40
DA:141,40
DA:142,40
DA:145,40
DA:147,40
DA:148,40
DA:150,1
DA:151,38
DA:152,38
DA:153,38
DA:154,38
DA:155,38
DA:156,38
DA:157,38
DA:158,38
DA:159,0
DA:161,1
DA:162,115
DA:163,115
DA:164,115
DA:165,39
DA:166,39
DA:167,246
DA:168,246
DA:169,181
DA:173,0
DA:174,0
DA:175,0
DA:179,115
DA:181,1
DA:182,1
DA:183,1
DA:184,1
DA:185,1
DA:186,1
DA:187,1
DA:188,1
DA:191,1
DA:193,1
DA:194,1
DA:196,1
DA:197,60
DA:198,8
DA:199,52
DA:200,183
DA:201,52
DA:203,1
DA:204,21
DA:205,21
DA:206,21
DA:207,21
DA:210,21
DA:214,0
DA:217,1
DA:218,64
DA:219,64
DA:220,0
DA:221,64
DA:222,64
DA:223,54
DA:224,64
DA:225,64
DA:226,397
DA:228,64
DA:230,1
DA:231,24
DA:232,24
DA:234,1
DA:236,1
DA:237,1
DA:238,1
DA:239,1
DA:240,1
DA:243,0
DA:249,1
DA:251,1
DA:252,1
DA:253,1
LF:174
LH:148
BRDA:5,1,0,1
BRDA:5,1,1,1
BRDA:5,1,2,1
BRDA:6,2,0,0
BRDA:6,2,1,0
BRDA:8,3,0,0
BRDA:8,3,1,1
BRDA:11,4,0,1
BRDA:11,4,1,0
BRDA:11,5,0,1
BRDA:11,5,1,1
BRDA:12,6,0,0
BRDA:12,6,1,1
BRDA:14,7,0,0
BRDA:14,7,1,0
BRDA:14,8,0,0
BRDA:14,8,1,0
BRDA:29,9,0,24
BRDA:29,9,1,64
BRDA:58,10,0,0
BRDA:58,10,1,663
BRDA:62,11,0,0
BRDA:62,11,1,232
BRDA:68,12,0,146
BRDA:68,12,1,564
BRDA:70,13,0,605
BRDA:70,13,1,105
BRDA:70,14,0,710
BRDA:70,14,1,674
BRDA:90,15,0,0
BRDA:90,15,1,0
BRDA:97,16,0,0
BRDA:97,16,1,0
BRDA:111,17,0,353
BRDA:111,17,1,8
BRDA:120,18,0,76
BRDA:120,18,1,0
BRDA:126,19,0,67
BRDA:126,19,1,6
BRDA:141,20,0,40
BRDA:141,20,1,0
BRDA:158,21,0,0
BRDA:158,21,1,38
BRDA:164,22,0,39
BRDA:164,22,1,76
BRDA:165,23,0,39
BRDA:165,23,1,0
BRDA:168,24,0,181
BRDA:168,24,1,65
BRDA:174,25,0,0
BRDA:174,25,1,0
BRDA:187,26,0,1
BRDA:187,26,1,0
BRDA:197,27,0,8
BRDA:197,27,1,52
BRDA:204,28,0,21
BRDA:204,28,1,0
BRDA:218,29,0,44
BRDA:218,29,1,20
BRDA:219,30,0,0
BRDA:219,30,1,64
BRDA:222,31,0,54
BRDA:222,31,1,10
BRDA:232,32,0,0
BRDA:232,32,1,24
BRDA:236,33,0,1
BRDA:236,33,1,0
BRDA:236,34,0,1
BRDA:236,34,1,1
BRDA:238,35,0,1
BRDA:238,35,1,0
BRF:71
BRH:44
end_of_record
TN:
SF:D:\Users\essence\Development\- GitHub\TypeScript.NET\source\System\Collections\Enumeration\Enumerator.js
FN:5,(anonymous_1)
FN:12,(anonymous_2)
FN:24,throwIfEndless
FN:29,initArrayFrom
FN:43,from
FN:49,(anonymous_6)
FN:69,isEnumerable
FN:73,isEnumerableOrArrayLike
FN:77,isEnumerator
FN:81,isIterator
FN:85,forEach
FN:110,(anonymous_12)
FN:125,toArray
FN:132,(anonymous_14)
FN:137,map
FN:144,(anonymous_16)
FNF:16
FNH:12
FNDA:1,(anonymous_1)
FNDA:1,(anonymous_2)
FNDA:384,throwIfEndless
FNDA:0,initArrayFrom
FNDA:90,from
FNDA:28,(anonymous_6)
FNDA:55,isEnumerable
FNDA:6,isEnumerableOrArrayLike
FNDA:94,isEnumerator
FNDA:3,isIterator
FNDA:145,forEach
FNDA:46,(anonymous_12)
FNDA:2,toArray
FNDA:0,(anonymous_14)
FNDA:0,map
FNDA:0,(anonymous_16)
DA:5,1
DA:6,1
DA:7,1
DA:9,0
DA:10,0
DA:14,1
DA:15,1
DA:16,1
DA:17,1
DA:18,1
DA:19,1
DA:20,1
DA:21,1
DA:22,1
DA:24,1
DA:25,384
DA:26,0
DA:28,1
DA:29,1
DA:30,0
DA:31,0
DA:32,0
DA:33,0
DA:34,0
DA:35,0
DA:36,0
DA:37,0
DA:38,0
DA:41,0
DA:43,1
DA:44,90
DA:45,1
DA:46,89
DA:47,56
DA:48,33
DA:49,28
DA:50,28
DA:58,5
DA:59,4
DA:60,2
DA:61,2
DA:62,1
DA:63,1
DA:64,0
DA:66,2
DA:68,1
DA:69,1
DA:70,55
DA:72,1
DA:73,1
DA:74,6
DA:76,1
DA:77,1
DA:78,94
DA:80,1
DA:81,1
DA:82,3
DA:84,1
DA:85,1
DA:86,145
DA:87,145
DA:88,0
DA:89,145
DA:90,144
DA:91,50
DA:92,50
DA:93,50
DA:94,222
DA:95,22
DA:97,50
DA:99,94
DA:100,46
DA:101,46
DA:102,46
DA:103,289
DA:104,3
DA:106,46
DA:108,48
DA:109,46
DA:110,46
DA:112,2
DA:113,0
DA:114,0
DA:115,0
DA:116,0
DA:117,0
DA:119,0
DA:122,3
DA:124,1
DA:125,1
DA:126,2
DA:127,2
DA:128,0
DA:129,2
DA:130,2
DA:131,0
DA:132,0
DA:133,0
DA:134,0
DA:136,1
DA:137,1
DA:138,0
DA:139,0
DA:140,0
DA:141,0
DA:142,0
DA:143,0
DA:144,0
DA:145,0
DA:146,0
DA:148,1
LF:111
LH:76
BRDA:6,1,0,1
BRDA:6,1,1,0
BRDA:6,2,0,1
BRDA:6,2,1,1
BRDA:7,3,0,0
BRDA:7,3,1,1
BRDA:9,4,0,0
BRDA:9,4,1,0
BRDA:9,5,0,0
BRDA:9,5,1,0
BRDA:25,6,0,0
BRDA:25,6,1,384
BRDA:30,7,0,0
BRDA:30,7,1,0
BRDA:31,8,0,0
BRDA:31,8,1,0
BRDA:31,9,0,0
BRDA:31,9,1,0
BRDA:33,10,0,0
BRDA:33,10,1,0
BRDA:34,11,0,0
BRDA:34,11,1,0
BRDA:44,12,0,1
BRDA:44,12,1,89
BRDA:46,13,0,56
BRDA:46,13,1,33
BRDA:48,14,0,28
BRDA:48,14,1,5
BRDA:58,15,0,4
BRDA:58,15,1,1
BRDA:59,16,0,2
BRDA:59,16,1,2
BRDA:61,17,0,1
BRDA:61,17,1,1
BRDA:63,18,0,0
BRDA:63,18,1,1
BRDA:74,19,0,6
BRDA:74,19,1,1
BRDA:86,20,0,47
BRDA:86,20,1,98
BRDA:87,21,0,0
BRDA:87,21,1,145
BRDA:89,22,0,144
BRDA:89,22,1,1
BRDA:89,23,0,145
BRDA:89,23,1,144
BRDA:90,24,0,50
BRDA:90,24,1,94
BRDA:91,25,0,50
BRDA:91,25,1,50
BRDA:94,26,0,22
BRDA:94,26,1,200
BRDA:99,27,0,46
BRDA:99,27,1,48
BRDA:100,28,0,46
BRDA:100,28,1,46
BRDA:102,29,0,332
BRDA:102,29,1,332
BRDA:103,30,0,3
BRDA:103,30,1,286
BRDA:108,31,0,46
BRDA:108,31,1,2
BRDA:109,32,0,46
BRDA:109,32,1,46
BRDA:112,33,0,0
BRDA:112,33,1,2
BRDA:115,34,0,0
BRDA:115,34,1,0
BRDA:116,35,0,0
BRDA:116,35,1,0
BRDA:126,36,0,2
BRDA:126,36,1,0
BRDA:127,37,0,0
BRDA:127,37,1,2
BRDA:129,38,0,2
BRDA:129,38,1,0
BRDA:129,39,0,2
BRDA:129,39,1,2
BRDA:132,40,0,0
BRDA:132,40,1,0
BRDA:138,41,0,0
BRDA:138,41,1,0
BRDA:139,42,0,0
BRDA:139,42,1,0
BRDA:141,43,0,0
BRDA:141,43,1,0
BRDA:141,44,0,0
BRDA:141,44,1,0
BRDA:144,45,0,0
BRDA:144,45,1,0
BRF:90
BRH:51
end_of_record
TN:
SF:D:\Users\essence\Development\- GitHub\TypeScript.NET\source\System\Collections\Enumeration\UnsupportedEnumerableException.js
FN:6,(anonymous_1)
FN:8,__
FN:11,(anonymous_3)
FN:18,(anonymous_4)
FN:22,(anonymous_5)
FN:24,UnsupportedEnumerableException
FN:27,(anonymous_7)
FNF:7
FNH:7
FNDA:1,(anonymous_1)
FNDA:1,__
FNDA:1,(anonymous_3)
FNDA:1,(anonymous_4)
FNDA:1,(anonymous_5)
FNDA:3,UnsupportedEnumerableException
FNDA:3,(anonymous_7)
DA:6,1
DA:7,1
DA:8,1
DA:9,1
DA:11,1
DA:12,1
DA:13,1
DA:15,0
DA:16,0
DA:20,1
DA:21,1
DA:22,1
DA:23,1
DA:24,1
DA:25,3
DA:27,1
DA:28,3
DA:30,1
DA:32,1
DA:33,1
DA:34,1
LF:21
LH:19
BRDA:6,1,0,1
BRDA:6,1,1,1
BRDA:6,1,2,1
BRDA:7,2,0,0
BRDA:7,2,1,0
BRDA:9,3,0,0
BRDA:9,3,1,1
BRDA:12,4,0,1
BRDA:12,4,1,0
BRDA:12,5,0,1
BRDA:12,5,1,1
BRDA:13,6,0,0
BRDA:13,6,1,1
BRDA:15,7,0,0
BRDA:15,7,1,0
BRDA:15,8,0,0
BRDA:15,8,1,0
BRDA:25,9,0,3
BRDA:25,9,1,3
BRF:19
BRH:10
end_of_record
TN:
SF:D:\Users\essence\Development\- GitHub\TypeScript.NET\source\System\Collections\Enumeration\InfiniteEnumerator.js
FN:5,(anonymous_1)
FN:7,__
FN:10,(anonymous_3)
FN:17,(anonymous_4)
FN:21,(anonymous_5)
FN:23,InfiniteEnumerator
FN:27,(anonymous_7)
FN:30,(anonymous_8)
FN:37,(anonymous_9)
FNF:9
FNH:8
FNDA:1,(anonymous_1)
FNDA:1,__
FNDA:1,(anonymous_3)
FNDA:1,(anonymous_4)
FNDA:1,(anonymous_5)
FNDA:1,InfiniteEnumerator
FNDA:0,(anonymous_7)
FNDA:14,(anonymous_8)
FNDA:1,(anonymous_9)
DA:5,1
DA:6,1
DA:7,1
DA:8,1
DA:10,1
DA:11,1
DA:12,1
DA:14,0
DA:15,0
DA:19,1
DA:20,1
DA:21,1
DA:22,1
DA:23,1
DA:24,1
DA:25,1
DA:27,1
DA:28,0
DA:30,1
DA:31,14
DA:32,14
DA:33,14
DA:34,12
DA:35,14
DA:37,1
DA:38,1
DA:39,1
DA:41,1
DA:43,1
DA:44,1
DA:45,1
LF:31
LH:28
BRDA:5,1,0,1
BRDA:5,1,1,1
BRDA:5,1,2,1
BRDA:6,2,0,0
BRDA:6,2,1,0
BRDA:8,3,0,0
BRDA:8,3,1,1
BRDA:11,4,0,1
BRDA:11,4,1,0
BRDA:11,5,0,1
BRDA:11,5,1,1
BRDA:12,6,0,0
BRDA:12,6,1,1
BRDA:14,7,0,0
BRDA:14,7,1,0
BRDA:14,8,0,0
BRDA:14,8,1,0
BRDA:33,9,0,12
BRDA:33,9,1,2
BRF:19
BRH:10
end_of_record
TN:
SF:D:\Users\essence\Development\- GitHub\TypeScript.NET\source\System\Collections\Enumeration\SimpleEnumerableBase.js
FN:5,(anonymous_1)
FN:12,(anonymous_2)
FN:16,(anonymous_3)
FN:17,SimpleEnumerableBase
FN:21,(anonymous_5)
FN:27,(anonymous_6)
FN:32,(anonymous_7)
FN:36,(anonymous_8)
FN:41,(anonymous_9)
FN:51,(anonymous_10)
FN:55,(anonymous_11)
FN:58,(anonymous_12)
FN:62,(anonymous_13)
FNF:13
FNH:8
FNDA:1,(anonymous_1)
FNDA:1,(anonymous_2)
FNDA:1,(anonymous_3)
FNDA:1,SimpleEnumerableBase
FNDA:0,(anonymous_5)
FNDA:12,(anonymous_6)
FNDA:13,(anonymous_7)
FNDA:0,(anonymous_8)
FNDA:0,(anonymous_9)
FNDA:3,(anonymous_10)
FNDA:1,(anonymous_11)
FNDA:0,(anonymous_12)
FNDA:0,(anonymous_13)
DA:5,1
DA:6,1
DA:7,1
DA:9,0
DA:10,0
DA:14,1
DA:15,1
DA:16,1
DA:17,1
DA:18,1
DA:20,1
DA:22,0
DA:27,1
DA:28,12
DA:29,12
DA:30,12
DA:32,1
DA:33,13
DA:34,13
DA:36,1
DA:37,0
DA:41,1
DA:42,0
DA:43,0
DA:48,0
DA:51,1
DA:52,3
DA:53,3
DA:55,1
DA:56,1
DA:58,1
DA:59,0
DA:61,1
DA:63,0
DA:68,1
DA:70,1
DA:71,1
DA:72,1
LF:38
LH:29
BRDA:6,1,0,1
BRDA:6,1,1,0
BRDA:6,2,0,1
BRDA:6,2,1,1
BRDA:7,3,0,0
BRDA:7,3,1,1
BRDA:9,4,0,0
BRDA:9,4,1,0
BRDA:9,5,0,0
BRDA:9,5,1,0
BRDA:29,6,0,2
BRDA:29,6,1,10
BRDA:37,7,0,0
BRDA:37,7,1,0
BRDA:43,8,0,0
BRDA:43,8,1,0
BRDA:43,9,0,0
BRDA:43,9,1,0
BRF:18
BRH:6
end_of_record
TN:
SF:D:\Users\essence\Development\- GitHub\TypeScript.NET\source\System\Collections\Enumeration\EmptyEnumerator.js
FN:5,(anonymous_1)
FN:12,(anonymous_2)
FNF:2
FNH:2
FNDA:1,(anonymous_1)
FNDA:1,(anonymous_2)
DA:5,1
DA:6,1
DA:7,1
DA:9,0
DA:10,0
DA:14,1
DA:15,1
DA:16,1
DA:17,1
DA:27,1
DA:28,1
LF:11
LH:9
BRDA:6,1,0,1
BRDA:6,1,1,0
BRDA:6,2,0,1
BRDA:6,2,1,1
BRDA:7,3,0,0
BRDA:7,3,1,1
BRDA:9,4,0,0
BRDA:9,4,1,0
BRDA:9,5,0,0
BRDA:9,5,1,0
BRF:10
BRH:4
end_of_record
TN:
SF:D:\Users\essence\Development\- GitHub\TypeScript.NET\source\System\Functions.js
FN:5,(anonymous_1)
FN:12,(anonymous_2)
FN:14,(anonymous_3)
FN:15,Functions
FN:17,(anonymous_5)
FN:18,(anonymous_6)
FN:19,(anonymous_7)
FN:20,(anonymous_8)
FN:26,(anonymous_9)
FNF:9
FNH:8
FNDA:1,(anonymous_1)
FNDA:1,(anonymous_2)
FNDA:1,(anonymous_3)
FNDA:2,Functions
FNDA:897,(anonymous_5)
FNDA:0,(anonymous_6)
FNDA:183,(anonymous_7)
FNDA:187,(anonymous_8)
FNDA:1,(anonymous_9)
DA:5,1
DA:6,1
DA:7,1
DA:9,0
DA:10,0
DA:14,1
DA:15,1
DA:17,897
DA:18,1
DA:19,183
DA:20,1
DA:21,1
DA:23,1
DA:24,1
DA:25,1
DA:26,1
DA:27,1
DA:28,1
DA:29,1
DA:30,1
DA:32,1
DA:33,1
DA:34,1
LF:23
LH:21
BRDA:6,1,0,1
BRDA:6,1,1,0
BRDA:6,2,0,1
BRDA:6,2,1,1
BRDA:7,3,0,0
BRDA:7,3,1,1
BRDA:9,4,0,0
BRDA:9,4,1,0
BRDA:9,5,0,0
BRDA:9,5,1,0
BRDA:31,6,0,1
BRDA:31,6,1,0
BRF:12
BRH:5
end_of_record
TN:
SF:D:\Users\essence\Development\- GitHub\TypeScript.NET\source\System\Collections\Enumeration\IteratorEnumerator.js
FN:5,(anonymous_1)
FN:7,__
FN:10,(anonymous_3)
FN:17,(anonymous_4)
FN:21,(anonymous_5)
FN:23,IteratorEnumerator
FN:28,(anonymous_7)
FN:31,(anonymous_8)
FN:44,(anonymous_9)
FN:48,(anonymous_10)
FNF:10
FNH:5
FNDA:1,(anonymous_1)
FNDA:1,__
FNDA:1,(anonymous_3)
FNDA:1,(anonymous_4)
FNDA:1,(anonymous_5)
FNDA:0,IteratorEnumerator
FNDA:0,(anonymous_7)
FNDA:0,(anonymous_8)
FNDA:0,(anonymous_9)
FNDA:0,(anonymous_10)
DA:5,1
DA:6,1
DA:7,1
DA:8,1
DA:10,1
DA:11,1
DA:12,1
DA:14,0
DA:15,0
DA:19,1
DA:20,1
DA:21,1
DA:22,1
DA:23,1
DA:24,0
DA:25,0
DA:26,0
DA:28,1
DA:29,0
DA:31,1
DA:32,0
DA:33,0
DA:34,0
DA:35,0
DA:36,0
DA:37,0
DA:38,0
DA:40,0
DA:42,0
DA:44,1
DA:45,0
DA:46,0
DA:48,1
DA:49,0
DA:51,1
DA:53,1
DA:54,1
DA:55,1
LF:38
LH:20
BRDA:5,1,0,1
BRDA:5,1,1,1
BRDA:5,1,2,1
BRDA:6,2,0,0
BRDA:6,2,1,0
BRDA:8,3,0,0
BRDA:8,3,1,1
BRDA:11,4,0,1
BRDA:11,4,1,0
BRDA:11,5,0,1
BRDA:11,5,1,1
BRDA:12,6,0,0
BRDA:12,6,1,1
BRDA:14,7,0,0
BRDA:14,7,1,0
BRDA:14,8,0,0
BRDA:14,8,1,0
BRDA:34,9,0,0
BRDA:34,9,1,0
BRDA:35,10,0,0
BRDA:35,10,1,0
BRDA:37,11,0,0
BRDA:37,11,1,0
BRDA:49,12,0,0
BRDA:49,12,1,0
BRF:25
BRH:8
end_of_record
TN:
SF:D:\Users\essence\Development\- GitHub\TypeScript.NET\source\System\Collections\LinkedList.js
FN:6,(anonymous_1)
FN:8,__
FN:11,(anonymous_3)
FN:18,(anonymous_4)
FN:25,(anonymous_5)
FN:26,InternalNode
FN:31,(anonymous_7)
FN:37,ensureExternal
FN:47,getInternal
FN:59,(anonymous_10)
FN:61,LinkedList
FN:68,(anonymous_12)
FN:71,(anonymous_13)
FN:75,(anonymous_14)
FN:78,(anonymous_15)
FN:85,(anonymous_16)
FN:88,(anonymous_17)
FN:92,(anonymous_18)
FN:94,(anonymous_19)
FN:97,(anonymous_20)
FN:106,(anonymous_21)
FN:115,(anonymous_22)
FN:119,(anonymous_23)
FN:126,(anonymous_24)
FN:132,(anonymous_25)
FN:137,(anonymous_26)
FN:140,(anonymous_27)
FN:143,(anonymous_28)
FN:146,(anonymous_29)
FN:150,(anonymous_30)
FN:153,(anonymous_31)
FN:158,(anonymous_32)
FN:163,(anonymous_33)
FN:171,(anonymous_34)
FN:176,(anonymous_35)
FN:181,(anonymous_36)
FN:186,(anonymous_37)
FN:194,(anonymous_38)
FN:195,LinkedListNode
FN:200,(anonymous_40)
FN:207,(anonymous_41)
FN:214,(anonymous_42)
FN:221,(anonymous_43)
FN:224,(anonymous_44)
FN:230,(anonymous_45)
FN:233,(anonymous_46)
FN:236,(anonymous_47)
FN:239,(anonymous_48)
FN:242,(anonymous_49)
FNF:49
FNH:27
FNDA:1,(anonymous_1)
FNDA:1,__
FNDA:1,(anonymous_3)
FNDA:1,(anonymous_4)
FNDA:1,(anonymous_5)
FNDA:62,InternalNode
FNDA:0,(anonymous_7)
FNDA:2,ensureExternal
FNDA:2,getInternal
FNDA:1,(anonymous_10)
FNDA:4,LinkedList
FNDA:174,(anonymous_12)
FNDA:60,(anonymous_13)
FNDA:18,(anonymous_14)
FNDA:61,(anonymous_15)
FNDA:6,(anonymous_16)
FNDA:31,(anonymous_17)
FNDA:104,(anonymous_18)
FNDA:15,(anonymous_19)
FNDA:2,(anonymous_20)
FNDA:0,(anonymous_21)
FNDA:0,(anonymous_22)
FNDA:0,(anonymous_23)
FNDA:0,(anonymous_24)
FNDA:0,(anonymous_25)
FNDA:0,(anonymous_26)
FNDA:2,(anonymous_27)
FNDA:0,(anonymous_28)
FNDA:0,(anonymous_29)
FNDA:0,(anonymous_30)
FNDA:0,(anonymous_31)
FNDA:0,(anonymous_32)
FNDA:0,(anonymous_33)
FNDA:1,(anonymous_34)
FNDA:1,(anonymous_35)
FNDA:0,(anonymous_36)
FNDA:0,(anonymous_37)
FNDA:1,(anonymous_38)
FNDA:2,LinkedListNode
FNDA:2,(anonymous_40)
FNDA:0,(anonymous_41)
FNDA:0,(anonymous_42)
FNDA:0,(anonymous_43)
FNDA:0,(anonymous_44)
FNDA:1,(anonymous_45)
FNDA:1,(anonymous_46)
FNDA:0,(anonymous_47)
FNDA:0,(anonymous_48)
FNDA:0,(anonymous_49)
DA:6,1
DA:7,1
DA:8,1
DA:9,1
DA:11,1
DA:12,1
DA:13,1
DA:15,0
DA:16,0
DA:20,1
DA:21,1
DA:22,1
DA:23,1
DA:24,1
DA:25,1
DA:26,1
DA:27,62
DA:28,62
DA:29,62
DA:31,1
DA:32,0
DA:33,0
DA:35,1
DA:37,1
DA:38,2
DA:39,0
DA:40,2
DA:41,0
DA:42,2
DA:43,2
DA:44,2
DA:45,2
DA:47,1
DA:48,2
DA:49,0
DA:50,2
DA:51,0
DA:52,2
DA:53,0
DA:54,2
DA:55,2
DA:56,0
DA:57,2
DA:59,1
DA:60,1
DA:61,1
DA:62,4
DA:63,4
DA:64,4
DA:65,4
DA:66,4
DA:68,1
DA:69,174
DA:71,1
DA:72,60
DA:73,60
DA:75,1
DA:76,18
DA:77,18
DA:78,18
DA:79,61
DA:80,18
DA:81,61
DA:83,18
DA:85,1
DA:86,6
DA:88,1
DA:89,31
DA:90,31
DA:92,104
DA:94,1
DA:95,15
DA:97,1
DA:98,2
DA:99,2
DA:100,10
DA:101,2
DA:102,8
DA:104,0
DA:106,1
DA:107,0
DA:108,0
DA:109,0
DA:110,0
DA:111,0
DA:113,0
DA:115,1
DA:116,0
DA:118,1
DA:120,0
DA:125,1
DA:127,0
DA:132,1
DA:133,0
DA:134,0
DA:135,0
DA:137,1
DA:138,0
DA:140,1
DA:141,2
DA:143,1
DA:144,0
DA:146,1
DA:147,0
DA:148,0
DA:150,1
DA:151,0
DA:153,1
DA:154,0
DA:155,0
DA:156,0
DA:158,1
DA:159,0
DA:160,0
DA:161,0
DA:163,1
DA:164,0
DA:165,0
DA:166,0
DA:167,0
DA:169,0
DA:171,1
DA:172,1
DA:173,1
DA:174,1
DA:176,1
DA:177,1
DA:178,1
DA:179,1
DA:181,1
DA:182,0
DA:183,0
DA:184,0
DA:186,1
DA:187,0
DA:188,0
DA:189,0
DA:191,1
DA:193,1
DA:194,1
DA:195,1
DA:196,2
DA:197,2
DA:199,1
DA:201,2
DA:206,1
DA:208,0
DA:213,1
DA:215,0
DA:220,1
DA:222,0
DA:225,0
DA:230,1
DA:231,1
DA:233,1
DA:234,1
DA:236,1
DA:237,0
DA:239,1
DA:240,0
DA:242,1
DA:243,0
DA:245,1
DA:247,1
DA:248,1
LF:165
LH:113
BRDA:6,1,0,1
BRDA:6,1,1,1
BRDA:6,1,2,1
BRDA:7,2,0,0
BRDA:7,2,1,0
BRDA:9,3,0,0
BRDA:9,3,1,1
BRDA:12,4,0,1
BRDA:12,4,1,0
BRDA:12,5,0,1
BRDA:12,5,1,1
BRDA:13,6,0,0
BRDA:13,6,1,1
BRDA:15,7,0,0
BRDA:15,7,1,0
BRDA:15,8,0,0
BRDA:15,8,1,0
BRDA:32,9,0,0
BRDA:32,9,1,0
BRDA:32,10,0,0
BRDA:32,10,1,0
BRDA:38,11,0,0
BRDA:38,11,1,2
BRDA:40,12,0,0
BRDA:40,12,1,2
BRDA:43,13,0,2
BRDA:43,13,1,0
BRDA:48,14,0,0
BRDA:48,14,1,2
BRDA:50,15,0,0
BRDA:50,15,1,2
BRDA:52,16,0,0
BRDA:52,16,1,2
BRDA:55,17,0,0
BRDA:55,17,1,2
BRDA:62,18,0,4
BRDA:62,18,1,0
BRDA:76,19,0,0
BRDA:76,19,1,18
BRDA:79,20,0,18
BRDA:79,20,1,43
BRDA:79,21,0,61
BRDA:79,21,1,18
BRDA:89,22,0,31
BRDA:89,22,1,0
BRDA:90,23,0,0
BRDA:90,23,1,31
BRDA:100,24,0,2
BRDA:100,24,1,8
BRDA:109,25,0,0
BRDA:109,25,1,0
BRDA:134,26,0,0
BRDA:134,26,1,0
BRDA:135,27,0,0
BRDA:135,27,1,0
BRDA:135,27,2,0
BRDA:155,28,0,0
BRDA:155,28,1,0
BRDA:155,29,0,0
BRDA:155,29,1,0
BRDA:160,30,0,0
BRDA:160,30,1,0
BRDA:160,31,0,0
BRDA:160,31,1,0
BRDA:165,32,0,0
BRDA:165,32,1,0
BRF:66
BRH:25
end_of_record
TN:
SF:D:\Users\essence\Development\- GitHub\TypeScript.NET\source\System\Collections\LinkedNodeList.js
FN:5,(anonymous_1)
FN:12,(anonymous_2)
FN:19,(anonymous_3)
FN:20,LinkedNodeList
FN:26,(anonymous_5)
FN:33,(anonymous_6)
FN:40,(anonymous_7)
FN:51,(anonymous_8)
FN:60,(anonymous_9)
FN:64,(anonymous_10)
FN:69,(anonymous_11)
FN:92,(anonymous_12)
FN:95,(anonymous_13)
FN:98,(anonymous_14)
FN:107,(anonymous_15)
FN:109,(anonymous_16)
FN:117,(anonymous_17)
FN:130,(anonymous_18)
FN:133,(anonymous_19)
FN:136,(anonymous_20)
FN:161,(anonymous_21)
FN:164,(anonymous_22)
FN:185,(anonymous_23)
FN:206,(anonymous_24)
FN:222,(anonymous_25)
FN:226,(anonymous_26)
FN:229,(anonymous_27)
FN:238,(anonymous_28)
FN:243,(anonymous_29)
FN:252,assertValidDetached
FNF:30
FNH:17
FNDA:1,(anonymous_1)
FNDA:1,(anonymous_2)
FNDA:1,(anonymous_3)
FNDA:86,LinkedNodeList
FNDA:3205,(anonymous_5)
FNDA:0,(anonymous_6)
FNDA:0,(anonymous_7)
FNDA:116,(anonymous_8)
FNDA:0,(anonymous_9)
FNDA:0,(anonymous_10)
FNDA:86,(anonymous_11)
FNDA:0,(anonymous_12)
FNDA:0,(anonymous_13)
FNDA:0,(anonymous_14)
FNDA:66,(anonymous_15)
FNDA:66,(anonymous_16)
FNDA:0,(anonymous_17)
FNDA:0,(anonymous_18)
FNDA:0,(anonymous_19)
FNDA:3081,(anonymous_20)
FNDA:3487,(anonymous_21)
FNDA:1,(anonymous_22)
FNDA:3488,(anonymous_23)
FNDA:0,(anonymous_24)
FNDA:36,(anonymous_25)
FNDA:36,(anonymous_26)
FNDA:298,(anonymous_27)
FNDA:0,(anonymous_28)
FNDA:0,(anonymous_29)
FNDA:3489,assertValidDetached
DA:5,1
DA:6,1
DA:7,1
DA:9,0
DA:10,0
DA:14,1
DA:15,1
DA:16,1
DA:17,1
DA:18,1
DA:19,1
DA:20,1
DA:21,86
DA:22,86
DA:23,86
DA:25,1
DA:27,3205
DA:32,1
DA:34,0
DA:39,1
DA:41,0
DA:42,0
DA:43,0
DA:44,0
DA:46,0
DA:51,1
DA:52,116
DA:53,116
DA:54,270
DA:55,270
DA:58,116
DA:60,1
DA:61,0
DA:62,0
DA:63,0
DA:64,0
DA:65,0
DA:67,0
DA:69,1
DA:70,86
DA:71,86
DA:72,86
DA:73,86
DA:74,289
DA:75,289
DA:76,289
DA:77,289
DA:79,86
DA:80,86
DA:81,86
DA:82,289
DA:83,289
DA:84,289
DA:85,289
DA:87,86
DA:88,0
DA:89,86
DA:90,86
DA:92,1
DA:93,0
DA:95,1
DA:96,0
DA:98,1
DA:99,0
DA:100,0
DA:101,0
DA:102,0
DA:103,0
DA:105,0
DA:107,1
DA:108,66
DA:109,66
DA:110,66
DA:111,66
DA:112,66
DA:115,66
DA:117,1
DA:118,0
DA:119,0
DA:120,0
DA:121,0
DA:122,0
DA:123,0
DA:124,0
DA:125,0
DA:128,0
DA:130,1
DA:131,0
DA:133,1
DA:134,0
DA:136,1
DA:137,3081
DA:138,0
DA:139,3081
DA:140,3081
DA:141,3081
DA:142,9
DA:143,3072
DA:144,3072
DA:146,0
DA:147,3081
DA:148,3053
DA:149,28
DA:150,28
DA:152,0
DA:153,3081
DA:154,0
DA:156,3081
DA:157,3081
DA:158,3081
DA:159,3081
DA:161,1
DA:162,3487
DA:164,1
DA:165,1
DA:166,1
DA:167,1
DA:168,0
DA:170,1
DA:171,1
DA:172,1
DA:173,1
DA:174,1
DA:175,1
DA:176,1
DA:177,1
DA:178,0
DA:181,0
DA:183,1
DA:185,1
DA:186,3488
DA:187,3488
DA:188,3488
DA:189,3487
DA:191,3488
DA:192,3334
DA:193,3334
DA:194,3334
DA:195,3334
DA:196,3334
DA:197,1
DA:198,3334
DA:199,3333
DA:202,154
DA:204,3488
DA:206,1
DA:207,0
DA:208,0
DA:209,0
DA:210,0
DA:211,0
DA:212,0
DA:213,0
DA:214,0
DA:215,0
DA:216,0
DA:217,0
DA:218,0
DA:219,0
DA:220,0
DA:222,1
DA:223,36
DA:224,0
DA:225,36
DA:226,36
DA:227,36
DA:228,36
DA:230,298
DA:231,265
DA:232,265
DA:233,265
DA:235,33
DA:238,1
DA:239,0
DA:240,0
DA:241,0
DA:242,0
DA:243,0
DA:244,0
DA:247,0
DA:249,1
DA:251,1
DA:252,1
DA:253,3489
DA:254,3489
DA:255,0
DA:256,3489
DA:257,0
DA:259,1
DA:260,1
LF:190
LH:125
BRDA:6,1,0,1
BRDA:6,1,1,0
BRDA:6,2,0,1
BRDA:6,2,1,1
BRDA:7,3,0,0
BRDA:7,3,1,1
BRDA:9,4,0,0
BRDA:9,4,1,0
BRDA:9,5,0,0
BRDA:9,5,1,0
BRDA:55,6,0,270
BRDA:55,6,1,238
BRDA:56,7,0,270
BRDA:56,7,1,238
BRDA:61,8,0,0
BRDA:61,8,1,0
BRDA:87,9,0,0
BRDA:87,9,1,86
BRDA:99,10,0,0
BRDA:99,10,1,0
BRDA:102,11,0,0
BRDA:102,11,1,0
BRDA:110,12,0,66
BRDA:110,12,1,0
BRDA:118,13,0,0
BRDA:118,13,1,0
BRDA:118,14,0,0
BRDA:118,14,1,0
BRDA:118,14,2,0
BRDA:123,15,0,0
BRDA:123,15,1,0
BRDA:126,16,0,0
BRDA:126,16,1,0
BRDA:137,17,0,0
BRDA:137,17,1,3081
BRDA:141,18,0,9
BRDA:141,18,1,3072
BRDA:143,19,0,3072
BRDA:143,19,1,0
BRDA:147,20,0,3053
BRDA:147,20,1,28
BRDA:149,21,0,28
BRDA:149,21,1,0
BRDA:153,22,0,0
BRDA:153,22,1,3081
BRDA:154,23,0,0
BRDA:154,23,1,0
BRDA:154,24,0,0
BRDA:154,24,1,0
BRDA:156,25,0,3081
BRDA:156,25,1,3081
BRDA:157,26,0,3081
BRDA:157,26,1,0
BRDA:167,27,0,0
BRDA:167,27,1,1
BRDA:170,28,0,1
BRDA:170,28,1,0
BRDA:175,29,0,1
BRDA:175,29,1,0
BRDA:177,30,0,0
BRDA:177,30,1,1
BRDA:188,31,0,3487
BRDA:188,31,1,1
BRDA:191,32,0,3334
BRDA:191,32,1,154
BRDA:196,33,0,1
BRDA:196,33,1,3333
BRDA:198,34,0,3333
BRDA:198,34,1,1
BRDA:207,35,0,0
BRDA:207,35,1,0
BRDA:213,36,0,0
BRDA:213,36,1,0
BRDA:215,37,0,0
BRDA:215,37,1,0
BRDA:217,38,0,0
BRDA:217,38,1,0
BRDA:219,39,0,0
BRDA:219,39,1,0
BRDA:223,40,0,0
BRDA:223,40,1,36
BRDA:230,41,0,265
BRDA:230,41,1,33
BRDA:232,42,0,265
BRDA:232,42,1,265
BRDA:239,43,0,0
BRDA:239,43,1,0
BRDA:240,44,0,0
BRDA:240,44,1,0
BRDA:240,45,0,0
BRDA:240,45,1,0
BRDA:241,46,0,0
BRDA:241,46,1,0
BRDA:253,47,0,3489
BRDA:253,47,1,0
BRDA:254,48,0,0
BRDA:254,48,1,3489
BRDA:256,49,0,0
BRDA:256,49,1,3489
BRDA:256,50,0,3489
BRDA:256,50,1,3489
BRF:101
BRH:43
end_of_record
TN:
SF:D:\Users\essence\Development\- GitHub\TypeScript.NET\source\System\Collections\List.js
FN:5,(anonymous_1)
FN:7,__
FN:10,(anonymous_3)
FN:17,(anonymous_4)
FN:25,(anonymous_5)
FN:27,List
FN:39,(anonymous_7)
FN:42,(anonymous_8)
FN:46,(anonymous_9)
FN:50,(anonymous_10)
FN:55,(anonymous_11)
FN:72,(anonymous_12)
FN:75,(anonymous_13)
FN:83,(anonymous_14)
FN:86,(anonymous_15)
FN:96,(anonymous_16)
FN:103,(anonymous_17)
FN:106,(anonymous_18)
FN:109,(anonymous_19)
FN:112,(anonymous_20)
FNF:20
FNH:14
FNDA:1,(anonymous_1)
FNDA:1,__
FNDA:1,(anonymous_3)
FNDA:1,(anonymous_4)
FNDA:1,(anonymous_5)
FNDA:4,List
FNDA:114,(anonymous_7)
FNDA:54,(anonymous_8)
FNDA:18,(anonymous_9)
FNDA:6,(anonymous_10)
FNDA:7,(anonymous_11)
FNDA:0,(anonymous_12)
FNDA:0,(anonymous_13)
FNDA:0,(anonymous_14)
FNDA:0,(anonymous_15)
FNDA:0,(anonymous_16)
FNDA:39,(anonymous_17)
FNDA:12,(anonymous_18)
FNDA:1,(anonymous_19)
FNDA:0,(anonymous_20)
DA:5,1
DA:6,1
DA:7,1
DA:8,1
DA:10,1
DA:11,1
DA:12,1
DA:14,0
DA:15,0
DA:19,1
DA:20,1
DA:21,1
DA:22,1
DA:23,1
DA:24,1
DA:25,1
DA:26,1
DA:27,1
DA:28,4
DA:29,4
DA:30,4
DA:31,4
DA:32,1
DA:35,3
DA:36,3
DA:39,1
DA:40,114
DA:42,1
DA:43,54
DA:44,54
DA:46,1
DA:47,18
DA:48,18
DA:50,1
DA:51,6
DA:52,6
DA:53,6
DA:55,1
DA:56,7
DA:57,0
DA:58,0
DA:59,0
DA:60,0
DA:61,0
DA:62,0
DA:63,0
DA:64,0
DA:66,0
DA:69,7
DA:72,1
DA:73,0
DA:75,1
DA:76,0
DA:77,0
DA:78,0
DA:79,0
DA:80,0
DA:81,0
DA:83,1
DA:84,0
DA:86,1
DA:87,0
DA:88,0
DA:89,0
DA:92,0
DA:94,0
DA:96,1
DA:97,0
DA:98,0
DA:99,0
DA:101,0
DA:103,1
DA:104,39
DA:106,1
DA:107,12
DA:109,1
DA:110,1
DA:112,1
DA:113,0
DA:114,0
DA:116,1
DA:118,1
DA:119,1
DA:120,1
LF:84
LH:54
BRDA:5,1,0,1
BRDA:5,1,1,1
BRDA:5,1,2,1
BRDA:6,2,0,0
BRDA:6,2,1,0
BRDA:8,3,0,0
BRDA:8,3,1,1
BRDA:11,4,0,1
BRDA:11,4,1,0
BRDA:11,5,0,1
BRDA:11,5,1,1
BRDA:12,6,0,0
BRDA:12,6,1,1
BRDA:14,7,0,0
BRDA:14,7,1,0
BRDA:14,8,0,0
BRDA:14,8,1,0
BRDA:28,9,0,4
BRDA:28,9,1,0
BRDA:31,10,0,1
BRDA:31,10,1,3
BRDA:47,11,0,0
BRDA:47,11,1,18
BRDA:56,12,0,0
BRDA:56,12,1,7
BRDA:58,13,0,0
BRDA:58,13,1,0
BRDA:77,14,0,0
BRDA:77,14,1,0
BRDA:77,15,0,0
BRDA:77,15,1,0
BRDA:88,16,0,0
BRDA:88,16,1,0
BRDA:97,17,0,0
BRDA:97,17,1,0
BRDA:114,18,0,0
BRDA:114,18,1,0
BRF:37
BRH:13
end_of_record
TN:
SF:D:\Users\essence\Development\- GitHub\TypeScript.NET\source\System.Linq\Linq.js
FN:6,(anonymous_1)
FN:8,__
FN:11,(anonymous_3)
FN:18,(anonymous_4)
FN:41,(anonymous_5)
FN:42,(anonymous_6)
FN:44,LinqFunctions
FN:47,(anonymous_8)
FN:50,(anonymous_9)
FN:57,getEmptyEnumerator
FN:60,(anonymous_11)
FN:62,InfiniteEnumerable
FN:68,(anonymous_13)
FN:74,(anonymous_14)
[...]
DA:63,0
DA:64,0
DA:65,0
DA:66,0
DA:67,0
DA:69,0
DA:71,1
DA:72,0
DA:73,0
DA:74,0
DA:76,1
DA:78,1
DA:79,16
DA:81,1
DA:82,1
DA:83,0
DA:84,0
DA:86,1
DA:87,1
DA:88,1
LF:64
LH:41
BRDA:5,1,0,1
BRDA:5,1,1,1
BRDA:5,1,2,1
BRDA:6,2,0,0
BRDA:6,2,1,0
BRDA:8,3,0,0
BRDA:8,3,1,2
BRDA:11,4,0,1
BRDA:11,4,1,0
BRDA:11,5,0,1
BRDA:11,5,1,1
BRDA:12,6,0,0
BRDA:12,6,1,1
BRDA:14,7,0,0
BRDA:14,7,1,0
BRDA:14,8,0,0
BRDA:14,8,1,0
BRDA:31,9,0,16
BRDA:31,9,1,0
BRDA:37,10,0,16
BRDA:37,10,1,0
BRDA:53,11,0,0
BRDA:53,11,1,0
BRDA:56,12,0,0
BRDA:56,12,1,0
BRDA:56,13,0,0
BRDA:56,13,1,0
BRDA:58,14,0,0
BRDA:58,14,1,0
BRDA:64,15,0,0
BRDA:64,15,1,0
BRDA:72,16,0,0
BRDA:72,16,1,0
BRDA:83,17,0,0
BRDA:83,17,1,0
BRF:35
BRH:10
end_of_record
TN:
SF:D:\Users\essence\Development\- GitHub\TypeScript.NET\source\System\Text\RegexMatchEnumerator.js
FN:5,(anonymous_1)
FN:12,(anonymous_2)
FN:17,(anonymous_3)
FN:18,RegexMatchEnumerator
FN:26,(anonymous_5)
FN:29,(anonymous_6)
FN:31,(anonymous_7)
FN:40,(anonymous_8)
FNF:8
FNH:8
FNDA:1,(anonymous_1)
FNDA:1,(anonymous_2)
FNDA:1,(anonymous_3)
FNDA:1,RegexMatchEnumerator
FNDA:1,(anonymous_5)
FNDA:1,(anonymous_6)
FNDA:3,(anonymous_7)
FNDA:1,(anonymous_8)
DA:5,1
DA:6,1
DA:7,1
DA:9,0
DA:10,0
DA:14,1
DA:15,1
DA:16,1
DA:17,1
DA:18,1
DA:19,1
DA:20,1
DA:23,0
DA:26,1
DA:27,1
DA:28,1
DA:29,1
DA:30,1
DA:32,3
DA:33,3
DA:34,2
DA:35,2
DA:37,1
DA:40,1
DA:41,1
DA:45,1
DA:47,1
DA:48,1
DA:49,1
LF:29
LH:26
BRDA:6,1,0,1
BRDA:6,1,1,0
BRDA:6,2,0,1
BRDA:6,2,1,1
BRDA:7,3,0,0
BRDA:7,3,1,1
BRDA:9,4,0,0
BRDA:9,4,1,0
BRDA:9,5,0,0
BRDA:9,5,1,0
BRDA:19,6,0,1
BRDA:19,6,1,0
BRDA:33,7,0,2
BRDA:33,7,1,1
BRDA:41,8,0,1
BRDA:41,8,1,0
BRDA:41,9,0,1
BRDA:41,9,1,1
BRF:18
BRH:10
end_of_record
TN:
SF:D:\Users\essence\Development\- GitHub\TypeScript.NET\source\System\Text\RegularExpressions.js
FN:6,(anonymous_1)
FN:8,__
FN:11,(anonymous_3)
FN:18,(anonymous_4)
FN:24,(anonymous_5)
FN:38,(anonymous_6)
FN:39,Regex
FN:77,(anonymous_8)
FN:105,(anonymous_9)
FN:113,(anonymous_10)
FN:131,(anonymous_11)
FN:134,(anonymous_12)
FN:138,(anonymous_13)
FN:145,(anonymous_14)
FN:146,Capture
FN:153,(anonymous_16)
FN:160,(anonymous_17)
FN:166,(anonymous_18)
FN:168,Group
FN:174,(anonymous_20)
FN:181,(anonymous_21)
FN:192,(anonymous_22)
FN:194,Match
FN:203,(anonymous_24)
FN:213,(anonymous_25)
FNF:25
FNH:25
FNDA:2,(anonymous_1)
FNDA:2,__
FNDA:1,(anonymous_3)
FNDA:1,(anonymous_4)
FNDA:1,(anonymous_5)
FNDA:1,(anonymous_6)
FNDA:8,Regex
FNDA:23,(anonymous_8)
FNDA:2,(anonymous_9)
FNDA:5,(anonymous_10)
FNDA:4,(anonymous_11)
FNDA:2,(anonymous_12)
FNDA:1,(anonymous_13)
FNDA:1,(anonymous_14)
FNDA:48,Capture
FNDA:14,(anonymous_16)
FNDA:48,(anonymous_17)
FNDA:1,(anonymous_18)
FNDA:48,Group
FNDA:21,(anonymous_20)
FNDA:1,(anonymous_21)
FNDA:1,(anonymous_22)
FNDA:17,Match
FNDA:17,(anonymous_24)
FNDA:7,(anonymous_25)
DA:6,1
DA:7,2
DA:8,2
DA:9,2
DA:11,1
DA:12,1
DA:13,1
DA:15,0
DA:16,0
DA:20,1
DA:21,1
DA:22,1
DA:23,1
DA:24,1
DA:25,1
DA:26,1
DA:27,1
DA:28,1
DA:29,1
DA:30,1
DA:31,1
DA:32,1
DA:33,1
DA:34,1
DA:35,1
DA:36,1
DA:38,1
DA:39,1
DA:40,8
DA:41,8
DA:42,1
DA:44,8
DA:45,1
DA:46,7
DA:48,7
DA:49,3
DA:50,3
DA:51,1
DA:52,3
DA:53,1
DA:54,3
DA:57,4
DA:59,7
DA:60,7
DA:61,7
DA:63,7
DA:64,7
DA:65,1
DA:66,1
DA:68,1
DA:69,1
DA:71,7
DA:72,1
DA:73,7
DA:75,7
DA:77,1
DA:78,23
DA:79,23
DA:80,23
DA:81,23
DA:84,7
DA:85,16
DA:86,8
DA:87,16
DA:88,16
DA:89,30
DA:90,30
DA:91,30
DA:92,30
DA:93,30
DA:95,30
DA:96,12
DA:97,30
DA:98,30
DA:99,14
DA:101,16
DA:102,16
DA:103,16
DA:105,1
DA:106,2
DA:107,2
DA:108,4
DA:109,4
DA:111,2
DA:113,1
DA:114,5
DA:115,5
DA:116,1
DA:117,4
DA:118,4
DA:119,4
DA:120,4
DA:121,8
DA:122,8
DA:123,4
DA:124,8
DA:125,8
DA:127,4
DA:128,4
DA:129,4
DA:131,1
DA:132,4
DA:134,1
DA:135,2
DA:136,2
DA:138,1
DA:139,1
DA:140,1
DA:142,1
DA:144,1
DA:145,1
DA:146,1
DA:147,48
DA:148,48
DA:149,48
DA:150,48
DA:152,1
DA:154,14
DA:155,14
DA:160,1
DA:161,48
DA:163,1
DA:165,1
DA:166,1
DA:167,1
DA:168,1
DA:169,48
DA:170,48
DA:171,48
DA:173,1
DA:175,21
DA:180,1
DA:182,1
DA:187,1
DA:189,1
DA:190,1
DA:191,1
DA:192,1
DA:193,1
DA:194,1
DA:195,17
DA:196,17
DA:197,17
DA:198,17
DA:199,17
DA:200,17
DA:201,17
DA:203,1
DA:204,17
DA:205,0
DA:206,17
DA:207,0
DA:208,17
DA:209,17
DA:210,17
DA:212,1
DA:214,7
DA:219,1
DA:221,1
DA:222,1
DA:223,1
DA:224,1
DA:225,1
LF:163
LH:159
BRDA:6,1,0,1
BRDA:6,1,1,1
BRDA:6,1,2,1
BRDA:7,2,0,1
BRDA:7,2,1,0
BRDA:9,3,0,0
BRDA:9,3,1,2
BRDA:12,4,0,1
BRDA:12,4,1,0
BRDA:12,5,0,1
BRDA:12,5,1,1
BRDA:13,6,0,0
BRDA:13,6,1,1
BRDA:15,7,0,0
BRDA:15,7,1,0
BRDA:15,8,0,0
BRDA:15,8,1,0
BRDA:37,9,0,1
BRDA:37,9,1,1
BRDA:44,10,0,1
BRDA:44,10,1,7
BRDA:46,11,0,7
BRDA:46,11,1,5
BRDA:46,11,2,2
BRDA:46,12,0,4
BRDA:46,12,1,1
BRDA:48,13,0,3
BRDA:48,13,1,4
BRDA:50,14,0,1
BRDA:50,14,1,2
BRDA:50,15,0,3
BRDA:50,15,1,1
BRDA:52,16,0,1
BRDA:52,16,1,2
BRDA:52,17,0,3
BRDA:52,17,1,1
BRDA:64,18,0,1
BRDA:64,18,1,6
BRDA:71,19,0,1
BRDA:71,19,1,6
BRDA:78,20,0,1
BRDA:78,20,1,22
BRDA:81,21,0,7
BRDA:81,21,1,16
BRDA:81,22,0,23
BRDA:81,22,1,23
BRDA:81,22,2,23
BRDA:85,23,0,8
BRDA:85,23,1,8
BRDA:91,24,0,30
BRDA:91,24,1,0
BRDA:91,25,0,30
BRDA:91,25,1,0
BRDA:95,26,0,12
BRDA:95,26,1,18
BRDA:95,27,0,30
BRDA:95,27,1,14
BRDA:95,27,2,12
BRDA:98,28,0,14
BRDA:98,28,1,16
BRDA:106,29,0,2
BRDA:106,29,1,2
BRDA:106,29,2,0
BRDA:107,30,0,6
BRDA:107,30,1,6
BRDA:107,30,2,6
BRDA:114,31,0,5
BRDA:114,31,1,0
BRDA:115,32,0,1
BRDA:115,32,1,4
BRDA:115,33,0,5
BRDA:115,33,1,5
BRDA:115,33,2,4
BRDA:115,33,3,4
BRDA:120,34,0,12
BRDA:120,34,1,12
BRDA:120,34,2,12
BRDA:120,34,3,12
BRDA:122,35,0,4
BRDA:122,35,1,4
BRDA:124,36,0,2
BRDA:124,36,1,6
BRDA:127,37,0,4
BRDA:127,37,1,0
BRDA:147,38,0,0
BRDA:147,38,1,48
BRDA:148,39,0,0
BRDA:148,39,1,48
BRDA:155,40,0,14
BRDA:155,40,1,14
BRDA:155,40,2,0
BRDA:169,41,0,1
BRDA:169,41,1,47
BRDA:170,42,0,1
BRDA:170,42,1,47
BRDA:195,43,0,1
BRDA:195,43,1,16
BRDA:196,44,0,1
BRDA:196,44,1,16
BRDA:197,45,0,1
BRDA:197,45,1,16
BRDA:198,46,0,1
BRDA:198,46,1,16
BRDA:204,47,0,0
BRDA:204,47,1,17
BRDA:206,48,0,0
BRDA:206,48,1,17
BRF:107
BRH:89
end_of_record
TN:
SF:D:\Users\essence\Development\- GitHub\TypeScript.NET\source\System\Time\DateTime.js
FN:6,(anonymous_1)
FN:13,(anonymous_2)
FN:18,(anonymous_3)
FN:19,DateTime
FN:33,(anonymous_5)
FN:36,(anonymous_6)
FN:41,(anonymous_7)
FN:48,(anonymous_8)
FN:55,(anonymous_9)
FN:62,(anonymous_10)
FN:69,(anonymous_11)
FN:75,(anonymous_12)
FN:79,(anonymous_13)
FN:83,(anonymous_14)
FN:87,(anonymous_15)
FN:91,(anonymous_16)
FN:95,(anonymous_17)
FN:101,(anonymous_18)
FN:107,(anonymous_19)
FN:110,(anonymous_20)
FN:113,(anonymous_21)
FN:117,(anonymous_22)
FN:125,(anonymous_23)
FN:136,(anonymous_24)
FN:140,(anonymous_25)
FN:147,(anonymous_26)
FN:158,(anonymous_27)
FN:165,(anonymous_28)
FN:172,(anonymous_29)
FN:176,(anonymous_30)
FN:179,(anonymous_31)
FNF:31
FNH:5
FNDA:1,(anonymous_1)
FNDA:1,(anonymous_2)
FNDA:1,(anonymous_3)
FNDA:0,DateTime
FNDA:0,(anonymous_5)
FNDA:0,(anonymous_6)
FNDA:0,(anonymous_7)
FNDA:0,(anonymous_8)
FNDA:0,(anonymous_9)
FNDA:0,(anonymous_10)
FNDA:0,(anonymous_11)
FNDA:0,(anonymous_12)
FNDA:0,(anonymous_13)
FNDA:0,(anonymous_14)
FNDA:0,(anonymous_15)
FNDA:0,(anonymous_16)
FNDA:0,(anonymous_17)
FNDA:0,(anonymous_18)
FNDA:0,(anonymous_19)
FNDA:0,(anonymous_20)
FNDA:0,(anonymous_21)
FNDA:0,(anonymous_22)
FNDA:0,(anonymous_23)
FNDA:0,(anonymous_24)
FNDA:0,(anonymous_25)
FNDA:0,(anonymous_26)
FNDA:0,(anonymous_27)
FNDA:0,(anonymous_28)
FNDA:0,(anonymous_29)
FNDA:4,(anonymous_30)
FNDA:48,(anonymous_31)
DA:6,1
DA:7,1
DA:8,1
DA:10,0
DA:11,0
DA:15,1
DA:16,1
DA:17,1
DA:18,1
DA:19,1
DA:20,0
DA:21,0
DA:22,0
DA:23,0
DA:24,0
DA:25,0
DA:26,0
DA:27,0
DA:29,0
DA:33,1
DA:34,0
DA:36,1
DA:37,0
DA:38,0
DA:40,1
DA:42,0
DA:47,1
DA:49,0
DA:54,1
DA:56,0
DA:61,1
DA:63,0
DA:68,1
DA:70,0
DA:75,1
DA:76,0
DA:77,0
DA:79,1
DA:80,0
DA:81,0
DA:83,1
DA:84,0
DA:85,0
DA:87,1
DA:88,0
DA:89,0
DA:91,1
DA:92,0
DA:93,0
DA:95,1
DA:96,0
DA:97,0
DA:98,0
DA:99,0
DA:101,1
DA:102,0
DA:103,0
DA:104,0
DA:105,0
DA:107,1
DA:108,0
DA:110,1
DA:111,0
DA:113,1
DA:114,0
DA:116,1
DA:118,0
DA:119,0
DA:124,1
DA:126,0
DA:127,0
DA:128,0
DA:129,0
DA:131,0
DA:136,1
DA:137,0
DA:139,1
DA:141,0
DA:146,1
DA:148,0
DA:149,0
DA:150,0
DA:151,0
DA:152,0
DA:157,1
DA:159,0
DA:164,1
DA:166,0
DA:167,0
DA:172,1
DA:173,0
DA:174,0
DA:176,1
DA:177,4
DA:179,1
DA:180,48
DA:182,1
DA:184,1
DA:185,1
DA:186,1
DA:187,1
LF:101
LH:42
BRDA:7,1,0,1
BRDA:7,1,1,0
BRDA:7,2,0,1
BRDA:7,2,1,1
BRDA:8,3,0,0
BRDA:8,3,1,1
BRDA:10,4,0,0
BRDA:10,4,1,0
BRDA:10,5,0,0
BRDA:10,5,1,0
BRDA:20,6,0,0
BRDA:20,6,1,0
BRDA:21,7,0,0
BRDA:21,7,1,0
BRDA:24,8,0,0
BRDA:24,8,1,0
BRDA:26,9,0,0
BRDA:26,9,1,0
BRDA:29,10,0,0
BRDA:29,10,1,0
BRDA:76,11,0,0
BRDA:76,11,1,0
BRDA:80,12,0,0
BRDA:80,12,1,0
BRDA:84,13,0,0
BRDA:84,13,1,0
BRDA:88,14,0,0
BRDA:88,14,1,0
BRDA:92,15,0,0
BRDA:92,15,1,0
BRDA:96,16,0,0
BRDA:96,16,1,0
BRDA:102,17,0,0
BRDA:102,17,1,0
BRDA:127,18,0,0
BRDA:127,18,1,0
BRDA:149,19,0,0
BRDA:149,19,1,0
BRDA:173,20,0,0
BRDA:173,20,1,0
BRDA:173,21,0,0
BRDA:173,21,1,0
BRDA:177,22,0,4
BRDA:177,22,1,1
BRDA:177,22,2,4
BRF:45
BRH:7
end_of_record
TN:
SF:D:\Users\essence\Development\- GitHub\TypeScript.NET\source\System\Time\TimeStamp.js
FN:5,(anonymous_1)
FN:12,(anonymous_2)
FN:15,(anonymous_3)
FN:16,TimeStamp
FN:33,(anonymous_5)
FN:37,(anonymous_6)
FNF:6
FNH:3
FNDA:1,(anonymous_1)
FNDA:1,(anonymous_2)
FNDA:1,(anonymous_3)
FNDA:0,TimeStamp
FNDA:0,(anonymous_5)
FNDA:0,(anonymous_6)
DA:5,1
DA:6,1
DA:7,1
DA:9,0
DA:10,0
DA:14,1
DA:15,1
DA:16,1
DA:17,0
DA:18,0
DA:19,0
DA:20,0
DA:21,0
DA:22,0
DA:23,0
DA:24,0
DA:25,0
DA:26,0
DA:27,0
DA:28,0
DA:29,0
DA:30,0
DA:31,0
DA:33,1
DA:34,0
DA:35,0
DA:37,1
DA:38,0
DA:39,0
DA:40,0
DA:41,0
DA:44,0
DA:47,1
DA:49,1
DA:50,1
DA:51,1
LF:36
LH:12
BRDA:6,1,0,1
BRDA:6,1,1,0
BRDA:6,2,0,1
BRDA:6,2,1,1
BRDA:7,3,0,0
BRDA:7,3,1,1
BRDA:9,4,0,0
BRDA:9,4,1,0
BRDA:9,5,0,0
BRDA:9,5,1,0
BRDA:17,6,0,0
BRDA:17,6,1,0
BRDA:18,7,0,0
BRDA:18,7,1,0
BRDA:19,8,0,0
BRDA:19,8,1,0
BRDA:20,9,0,0
BRDA:20,9,1,0
BRDA:21,10,0,0
BRDA:21,10,1,0
BRDA:22,11,0,0
BRDA:22,11,1,0
BRDA:38,12,0,0
BRDA:38,12,1,0
BRDA:38,13,0,0
BRDA:38,13,1,0
BRDA:40,14,0,0
BRDA:40,14,1,0
BRF:28
BRH:4
end_of_record
TN:
SF:D:\Users\essence\Development\- GitHub\TypeScript.NET\source\System\Uri\Uri.js
FN:6,(anonymous_1)
FN:13,(anonymous_2)
FN:22,(anonymous_3)
FN:23,Uri
FN:44,(anonymous_5)
FN:47,(anonymous_6)
FN:52,(anonymous_7)
FN:55,(anonymous_8)
FN:60,(anonymous_9)
FN:63,(anonymous_10)
FN:66,(anonymous_11)
FN:69,(anonymous_12)
FN:74,(anonymous_13)
FN:77,(anonymous_14)
FN:80,(anonymous_15)
FN:84,(anonymous_16)
FN:90,(anonymous_17)
FN:93,(anonymous_18)
FN:96,(anonymous_19)
FN:101,(anonymous_20)
FN:107,(anonymous_21)
FN:118,copyUri
FN:130,getScheme
FN:147,getPort
FN:163,getAuthority
FN:180,formatQuery
FN:183,formatFragment
FN:186,getPathAndQuery
FN:192,uriToString
FN:206,tryParse
FNF:30
FNH:30
FNDA:1,(anonymous_1)
FNDA:1,(anonymous_2)
FNDA:1,(anonymous_3)
FNDA:27,Uri
FNDA:4,(anonymous_5)
FNDA:4,(anonymous_6)
FNDA:2,(anonymous_7)
FNDA:1,(anonymous_8)
FNDA:13,(anonymous_9)
FNDA:1,(anonymous_10)
FNDA:2,(anonymous_11)
FNDA:1,(anonymous_12)
FNDA:22,(anonymous_13)
FNDA:22,(anonymous_14)
FNDA:22,(anonymous_15)
FNDA:1,(anonymous_16)
FNDA:1,(anonymous_17)
FNDA:2,(anonymous_18)
FNDA:8,(anonymous_19)
FNDA:6,(anonymous_20)
FNDA:1,(anonymous_21)
FNDA:12,copyUri
FNDA:59,getScheme
FNDA:27,getPort
FNDA:56,getAuthority
FNDA:72,formatQuery
FNDA:50,formatFragment
FNDA:50,getPathAndQuery
FNDA:28,uriToString
FNDA:15,tryParse
DA:6,1
DA:7,1
DA:8,1
DA:10,0
DA:11,0
DA:15,1
DA:16,1
DA:17,1
DA:18,1
DA:19,1
DA:20,1
DA:21,1
DA:22,1
DA:23,1
DA:24,27
DA:25,27
DA:26,26
DA:27,26
DA:28,26
DA:29,22
DA:30,22
DA:31,22
DA:32,18
DA:33,22
DA:34,22
DA:38,22
DA:39,22
DA:40,22
DA:41,22
DA:42,22
DA:44,1
DA:45,4
DA:47,1
DA:48,4
DA:50,4
DA:52,1
DA:53,2
DA:54,2
DA:55,2
DA:56,2
DA:57,1
DA:58,1
DA:60,1
DA:61,13
DA:63,1
DA:64,1
DA:66,1
DA:67,2
DA:69,1
DA:70,1
DA:71,1
DA:72,1
DA:74,1
DA:75,22
DA:77,1
DA:78,22
DA:80,1
DA:81,22
DA:83,1
DA:85,1
DA:90,1
DA:91,1
DA:93,1
DA:94,2
DA:96,1
DA:97,8
DA:101,1
DA:102,6
DA:104,1
DA:106,1
DA:107,1
DA:108,1
DA:109,1
DA:110,1
DA:111,1
DA:112,1
DA:113,1
DA:114,1
DA:116,1
DA:117,1
DA:118,1
DA:119,12
DA:120,12
DA:121,10
DA:122,12
DA:123,84
DA:124,84
DA:125,31
DA:127,12
DA:129,1
DA:130,1
DA:131,59
DA:132,59
DA:133,19
DA:134,1
DA:135,18
DA:136,18
DA:137,0
DA:138,18
DA:139,17
DA:142,40
DA:143,39
DA:145,2
DA:147,1
DA:148,27
DA:149,1
DA:150,26
DA:151,19
DA:152,7
DA:153,7
DA:154,4
DA:155,4
DA:156,2
DA:158,3
DA:159,1
DA:161,4
DA:163,1
DA:164,56
DA:165,38
DA:166,1
DA:167,37
DA:168,1
DA:170,54
DA:171,54
DA:172,18
DA:173,2
DA:174,18
DA:175,14
DA:176,18
DA:178,54
DA:180,1
DA:181,72
DA:183,1
DA:184,50
DA:186,1
DA:187,50
DA:188,50
DA:192,1
DA:193,28
DA:194,28
DA:197,28
DA:200,28
DA:201,1
DA:202,27
DA:203,1
DA:204,27
DA:206,1
DA:207,15
DA:208,3
DA:209,12
DA:210,12
DA:211,12
DA:212,9
DA:213,9
DA:215,12
DA:216,12
DA:217,2
DA:218,2
DA:220,12
DA:221,12
DA:222,5
DA:223,5
DA:224,1
DA:225,4
DA:226,4
DA:227,4
DA:230,1
DA:232,3
DA:234,10
DA:235,10
DA:236,7
DA:237,7
DA:239,10
DA:240,10
DA:241,4
DA:242,4
DA:244,10
DA:245,10
DA:246,2
DA:247,2
DA:248,1
DA:249,1
DA:250,1
DA:252,9
DA:253,9
DA:254,8
DA:255,9
DA:256,9
DA:258,1
DA:259,1
LF:190
LH:187
BRDA:7,1,0,1
BRDA:7,1,1,0
BRDA:7,2,0,1
BRDA:7,2,1,1
BRDA:8,3,0,0
BRDA:8,3,1,1
BRDA:10,4,0,0
BRDA:10,4,1,0
BRDA:10,5,0,0
BRDA:10,5,1,0
BRDA:25,6,0,27
BRDA:25,6,1,20
BRDA:26,7,0,26
BRDA:26,7,1,26
BRDA:27,8,0,26
BRDA:27,8,1,20
BRDA:29,9,0,22
BRDA:29,9,1,16
BRDA:30,10,0,22
BRDA:30,10,1,15
BRDA:31,11,0,18
BRDA:31,11,1,4
BRDA:33,12,0,22
BRDA:33,12,1,16
BRDA:35,13,0,6
BRDA:35,13,1,16
BRDA:38,14,0,22
BRDA:38,14,1,15
BRDA:39,15,0,22
BRDA:39,15,1,22
BRDA:45,16,0,4
BRDA:45,16,1,4
BRDA:48,17,0,1
BRDA:48,17,1,3
BRDA:48,18,0,4
BRDA:48,18,1,4
BRDA:50,19,0,4
BRDA:50,19,1,4
BRDA:50,19,2,1
BRDA:50,20,0,4
BRDA:50,20,1,4
BRDA:50,20,2,1
BRDA:50,21,0,4
BRDA:50,21,1,4
BRDA:50,21,2,1
BRDA:50,22,0,3
BRDA:50,22,1,1
BRDA:50,23,0,3
BRDA:50,23,1,1
BRDA:50,24,0,4
BRDA:50,24,1,1
BRDA:50,24,2,1
BRDA:50,25,0,4
BRDA:50,25,1,1
BRDA:50,25,2,1
BRDA:50,26,0,4
BRDA:50,26,1,4
BRDA:50,26,2,1
BRDA:53,27,0,1
BRDA:53,27,1,1
BRDA:56,28,0,1
BRDA:56,28,1,1
BRDA:56,29,0,2
BRDA:56,29,1,2
BRDA:97,30,0,2
BRDA:97,30,1,6
BRDA:115,31,0,1
BRDA:115,31,1,1
BRDA:120,32,0,10
BRDA:120,32,1,2
BRDA:124,33,0,31
BRDA:124,33,1,53
BRDA:132,34,0,19
BRDA:132,34,1,40
BRDA:133,35,0,1
BRDA:133,35,1,18
BRDA:136,36,0,0
BRDA:136,36,1,18
BRDA:138,37,0,17
BRDA:138,37,1,1
BRDA:142,38,0,39
BRDA:142,38,1,1
BRDA:142,39,0,40
BRDA:142,39,1,7
BRDA:148,40,0,1
BRDA:148,40,1,26
BRDA:150,41,0,19
BRDA:150,41,1,7
BRDA:153,42,0,4
BRDA:153,42,1,3
BRDA:155,43,0,2
BRDA:155,43,1,2
BRDA:155,44,0,4
BRDA:155,44,1,3
BRDA:158,45,0,1
BRDA:158,45,1,2
BRDA:158,46,0,3
BRDA:158,46,1,2
BRDA:158,46,2,1
BRDA:164,47,0,38
BRDA:164,47,1,18
BRDA:165,48,0,1
BRDA:165,48,1,37
BRDA:167,49,0,1
BRDA:167,49,1,36
BRDA:170,50,0,54
BRDA:170,50,1,36
BRDA:171,51,0,18
BRDA:171,51,1,36
BRDA:172,52,0,2
BRDA:172,52,1,16
BRDA:174,53,0,14
BRDA:174,53,1,4
BRDA:181,54,0,72
BRDA:181,54,1,20
BRDA:181,55,0,4
BRDA:181,55,1,16
BRDA:184,56,0,50
BRDA:184,56,1,4
BRDA:184,57,0,1
BRDA:184,57,1,3
BRDA:189,58,0,50
BRDA:189,58,1,30
BRDA:190,59,0,50
BRDA:190,59,1,36
BRDA:195,60,0,28
BRDA:195,60,1,9
BRDA:195,60,2,19
BRDA:196,61,0,28
BRDA:196,61,1,20
BRDA:198,62,0,28
BRDA:198,62,1,15
BRDA:199,63,0,28
BRDA:199,63,1,24
BRDA:200,64,0,1
BRDA:200,64,1,27
BRDA:200,65,0,28
BRDA:200,65,1,15
BRDA:200,65,2,3
BRDA:200,65,3,3
BRDA:202,66,0,1
BRDA:202,66,1,26
BRDA:202,67,0,27
BRDA:202,67,1,14
BRDA:202,67,2,2
BRDA:207,68,0,3
BRDA:207,68,1,12
BRDA:211,69,0,9
BRDA:211,69,1,3
BRDA:212,70,0,9
BRDA:212,70,1,1
BRDA:216,71,0,2
BRDA:216,71,1,10
BRDA:217,72,0,2
BRDA:217,72,1,1
BRDA:221,73,0,5
BRDA:221,73,1,7
BRDA:223,74,0,1
BRDA:223,74,1,4
BRDA:227,75,0,4
BRDA:227,75,1,1
BRDA:235,76,0,7
BRDA:235,76,1,3
BRDA:240,77,0,4
BRDA:240,77,1,6
BRDA:241,78,0,4
BRDA:241,78,1,3
BRDA:245,79,0,2
BRDA:245,79,1,8
BRDA:247,80,0,1
BRDA:247,80,1,1
BRDA:253,81,0,8
BRDA:253,81,1,1
BRF:173
BRH:166
end_of_record
TN:
SF:D:\Users\essence\Development\- GitHub\TypeScript.NET\source\System\Uri\QueryParams.js
FN:5,(anonymous_1)
FN:12,(anonymous_2)
FN:19,encode
FN:24,(anonymous_4)
FN:25,(anonymous_5)
FN:29,(anonymous_6)
FN:35,appendKeyValueSingle
FN:38,appendKeyValue
FN:40,(anonymous_9)
FN:46,encodeValue
FN:59,isUriComponentFormattable
FN:63,parse
FN:84,parseToMap
FN:88,(anonymous_14)
FN:101,parseToArray
FN:105,(anonymous_16)
FN:110,(anonymous_17)
FNF:17
FNH:15
FNDA:1,(anonymous_1)
FNDA:1,(anonymous_2)
FNDA:18,encode
FNDA:2,(anonymous_4)
FNDA:2,(anonymous_5)
FNDA:2,(anonymous_6)
FNDA:18,appendKeyValueSingle
FNDA:4,appendKeyValue
FNDA:18,(anonymous_9)
FNDA:18,encodeValue
FNDA:18,isUriComponentFormattable
FNDA:6,parse
FNDA:6,parseToMap
FNDA:25,(anonymous_14)
FNDA:0,parseToArray
FNDA:0,(anonymous_16)
FNDA:1,(anonymous_17)
DA:5,1
DA:6,1
DA:7,1
DA:9,0
DA:10,0
DA:14,1
DA:15,1
DA:16,1
DA:17,1
DA:18,1
DA:19,1
DA:20,18
DA:21,16
DA:22,2
DA:23,2
DA:24,1
DA:25,2
DA:29,2
DA:31,2
DA:34,1
DA:35,1
DA:36,18
DA:38,1
DA:39,4
DA:40,18
DA:43,0
DA:46,1
DA:47,18
DA:48,18
DA:49,0
DA:50,0
DA:51,0
DA:54,18
DA:56,18
DA:58,1
DA:59,1
DA:60,18
DA:62,1
DA:63,1
DA:64,6
DA:65,6
DA:66,6
DA:67,6
DA:68,6
DA:69,25
DA:70,25
DA:71,25
DA:72,25
DA:73,25
DA:74,25
DA:75,25
DA:76,25
DA:77,25
DA:78,25
DA:83,1
DA:84,1
DA:85,6
DA:86,6
DA:87,6
DA:88,6
DA:89,25
DA:90,14
DA:91,14
DA:92,4
DA:93,14
DA:96,11
DA:98,6
DA:100,1
DA:101,1
DA:102,0
DA:103,0
DA:104,0
DA:105,0
DA:106,0
DA:108,1
DA:109,1
DA:110,1
DA:111,1
DA:112,1
DA:113,1
DA:115,1
LF:81
LH:70
BRDA:6,1,0,1
BRDA:6,1,1,0
BRDA:6,2,0,1
BRDA:6,2,1,1
BRDA:7,3,0,0
BRDA:7,3,1,1
BRDA:9,4,0,0
BRDA:9,4,1,0
BRDA:9,5,0,0
BRDA:9,5,1,0
BRDA:20,6,0,16
BRDA:20,6,1,2
BRDA:23,7,0,1
BRDA:23,7,1,1
BRDA:31,8,0,0
BRDA:31,8,1,2
BRDA:31,9,0,2
BRDA:31,9,1,2
BRDA:39,10,0,4
BRDA:39,10,1,0
BRDA:48,11,0,0
BRDA:48,11,1,18
BRDA:50,12,0,0
BRDA:50,12,1,0
BRDA:50,13,0,0
BRDA:50,13,1,0
BRDA:64,14,0,0
BRDA:64,14,1,6
BRDA:65,15,0,0
BRDA:65,15,1,6
BRDA:66,16,0,6
BRDA:66,16,1,0
BRDA:66,17,0,6
BRDA:66,17,1,6
BRDA:71,18,0,25
BRDA:71,18,1,0
BRDA:74,19,0,25
BRDA:74,19,1,0
BRDA:76,20,0,25
BRDA:76,20,1,0
BRDA:85,21,0,6
BRDA:85,21,1,0
BRDA:86,22,0,6
BRDA:86,22,1,0
BRDA:89,23,0,14
BRDA:89,23,1,11
BRDA:91,24,0,4
BRDA:91,24,1,10
BRDA:102,25,0,0
BRDA:102,25,1,0
BRDA:103,26,0,0
BRDA:103,26,1,0
BRDA:114,27,0,1
BRDA:114,27,1,1
BRF:54
BRH:29
end_of_record
TN:
SF:D:\Users\essence\Development\- GitHub\TypeScript.NET\source\System\Serialization\Utility.js
FN:5,(anonymous_1)
FN:12,(anonymous_2)
FN:17,toString
FN:40,isSerializable
FN:44,toPrimitive
FNF:5
FNH:4
FNDA:1,(anonymous_1)
FNDA:1,(anonymous_2)
FNDA:18,toString
FNDA:0,isSerializable
FNDA:25,toPrimitive
DA:5,1
DA:6,1
DA:7,1
DA:9,0
DA:10,0
DA:14,1
DA:15,1
DA:16,1
DA:17,1
DA:18,18
DA:19,18
DA:22,0
DA:24,0
DA:26,0
DA:28,18
DA:29,18
DA:30,0
DA:31,0
DA:32,0
DA:33,0
DA:34,0
DA:35,0
DA:36,0
DA:39,1
DA:40,1
DA:41,0
DA:43,1
DA:44,1
DA:45,25
DA:46,25
DA:47,0
DA:48,25
DA:50,18
DA:52,0
DA:54,0
DA:56,0
DA:58,7
DA:59,7
DA:60,7
DA:61,0
DA:62,0
DA:63,0
DA:66,7
DA:67,7
DA:68,0
DA:71,7
DA:72,0
DA:73,7
DA:76,7
DA:78,1
LF:50
LH:28
BRDA:6,1,0,1
BRDA:6,1,1,0
BRDA:6,2,0,1
BRDA:6,2,1,1
BRDA:7,3,0,0
BRDA:7,3,1,1
BRDA:9,4,0,0
BRDA:9,4,1,0
BRDA:9,5,0,0
BRDA:9,5,1,0
BRDA:19,6,0,0
BRDA:19,6,1,0
BRDA:19,6,2,0
BRDA:19,6,3,0
BRDA:19,6,4,18
BRDA:24,7,0,0
BRDA:24,7,1,0
BRDA:28,8,0,18
BRDA:28,8,1,0
BRDA:30,9,0,0
BRDA:30,9,1,0
BRDA:32,10,0,0
BRDA:32,10,1,0
BRDA:45,11,0,25
BRDA:45,11,1,0
BRDA:46,12,0,0
BRDA:46,12,1,25
BRDA:48,13,0,18
BRDA:48,13,1,0
BRDA:48,13,2,0
BRDA:48,13,3,0
BRDA:48,13,4,7
BRDA:59,14,0,7
BRDA:59,14,1,0
BRDA:60,15,0,0
BRDA:60,15,1,7
BRDA:62,16,0,0
BRDA:62,16,1,0
BRDA:67,17,0,0
BRDA:67,17,1,7
BRDA:71,18,0,0
BRDA:71,18,1,7
BRF:42
BRH:14
end_of_record
TN:
SF:D:\Users\essence\Development\- GitHub\TypeScript.NET\source\System\Uri\Scheme.js
FN:6,(anonymous_1)
FN:13,(anonymous_2)
FN:31,isValid
FNF:3
FNH:3
FNDA:1,(anonymous_1)
FNDA:1,(anonymous_2)
FNDA:18,isValid
DA:6,1
DA:7,1
DA:8,1
DA:10,0
DA:11,0
DA:15,1
DA:16,1
DA:17,1
DA:18,1
DA:19,1
DA:20,1
DA:21,1
DA:22,1
DA:23,1
DA:24,1
DA:25,1
DA:26,1
DA:27,1
DA:28,1
DA:31,1
DA:32,18
DA:34,1
LF:22
LH:20
BRDA:7,1,0,1
BRDA:7,1,1,0
BRDA:7,2,0,1
BRDA:7,2,1,1
BRDA:8,3,0,0
BRDA:8,3,1,1
BRDA:10,4,0,0
BRDA:10,4,1,0
BRDA:10,5,0,0
BRDA:10,5,1,0
BRF:10
BRH:4
end_of_record
